[0m[[0m[0mdebug[0m] [0m[0m> Exec(early(addDefaultCommands), None, None)[0m
[0m[[0m[0mdebug[0m] [0m[0m> Exec(addDefaultCommands, None, None)[0m
[0m[[0m[0mdebug[0m] [0m[0m> Exec(early(initialize), None, None)[0m
[0m[[0m[0mdebug[0m] [0m[0m> Exec(initialize, None, None)[0m
[0m[[0m[0mdebug[0m] [0m[0m> Exec(boot, None, None)[0m
[0m[[0m[0mdebug[0m] [0m[0m> Exec(writeSbtVersion, None, None)[0m
[0m[[0m[0mdebug[0m] [0m[0m> Exec(reload, None, None)[0m
[0m[[0m[0mdebug[0m] [0m[0m> Exec(sbtStashOnFailure, None, None)[0m
[0m[[0m[0mdebug[0m] [0m[0m> Exec(onFailure loadFailed, None, None)[0m
[0m[[0m[0mdebug[0m] [0m[0m> Exec(loadp, None, None)[0m
[0m[[0m[0minfo[0m] [0m[0mwelcome to sbt 1.8.2 (Oracle Corporation Java 17.0.7)[0m
[0m[[0m[0mdebug[0m] [0m[0mLoad.defaultLoad until apply took 806.8243ms[0m
[0m[[0m[0mdebug[0m] [0m[0m                      Load.loadUnit: plugins took 661.7374ms[0m
[0m[[0m[0mdebug[0m] [0m[0m                      Load.loadUnit: defsScala took 0.5235ms[0m
[0m[[0m[0mdebug[0m] [0m[0m[Loading] Scanning directory C:\GitRepo\ScalaProjects\firstScalaProject\hello-world\project\project\project[0m
[0m[[0m[0mdebug[0m] [0m[0m                        Load.loadUnit: mkEval took 16.1693ms[0m
[0m[[0m[0mdebug[0m] [0m[0m[Loading] Found non-root projects [0m
[0m[[0m[0mdebug[0m] [0m[0m[Loading] Done in C:\GitRepo\ScalaProjects\firstScalaProject\hello-world\project\project\project, returning: ()[0m
[0m[[0m[0mdebug[0m] [0m[0mdeducing auto plugins based on known facts Set(Atom(sbt.plugins.CorePlugin)) and clauses Clauses(Clause(Atom(sbt.plugins.JvmPlugin),Set(Atom(sbt.plugins.IvyPlugin)))[0m
[0m[[0m[0mdebug[0m] [0m[0mClause(Atom(sbt.ScriptedPlugin),Set(Atom(sbt.plugins.JvmPlugin)))[0m
[0m[[0m[0mdebug[0m] [0m[0mClause(Atom(sbt.plugins.SbtPlugin),Set(Atom(sbt.ScriptedPlugin)))[0m
[0m[[0m[0mdebug[0m] [0m[0mClause(Atom(sbt.plugins.SemanticdbPlugin),Set(Atom(sbt.plugins.JvmPlugin)))[0m
[0m[[0m[0mdebug[0m] [0m[0mClause(Atom(sbt.plugins.JUnitXmlReportPlugin),Set(Atom(sbt.plugins.JvmPlugin)))[0m
[0m[[0m[0mdebug[0m] [0m[0mClause(Atom(sbt.plugins.MiniDependencyTreePlugin),Set(Atom(sbt.plugins.JvmPlugin)))[0m
[0m[[0m[0mdebug[0m] [0m[0mClause(Atom(sbt.plugins.CorePlugin),Set(Atom(sbt.plugins.IvyPlugin)))[0m
[0m[[0m[0mdebug[0m] [0m[0mClause(Atom(sbt.plugins.IvyPlugin),Set(Atom(sbt.plugins.JvmPlugin)))[0m
[0m[[0m[0mdebug[0m] [0m[0mClause(Atom(sbt.plugins.JvmPlugin),Set(Atom(sbt.plugins.SemanticdbPlugin)))[0m
[0m[[0m[0mdebug[0m] [0m[0mClause(Atom(sbt.plugins.JvmPlugin),Set(Atom(sbt.plugins.JUnitXmlReportPlugin)))[0m
[0m[[0m[0mdebug[0m] [0m[0mClause(Atom(sbt.plugins.CorePlugin),Set(Atom(sbt.plugins.Giter8TemplatePlugin)))[0m
[0m[[0m[0mdebug[0m] [0m[0mClause(Atom(sbt.plugins.JvmPlugin),Set(Atom(sbt.plugins.MiniDependencyTreePlugin))))[0m
[0m[[0m[0mdebug[0m] [0m[0m  :: deduced result: Matched(sbt.plugins.CorePlugin,sbt.plugins.Giter8TemplatePlugin,sbt.plugins.IvyPlugin,sbt.plugins.JvmPlugin,sbt.plugins.MiniDependencyTreePlugin,sbt.plugins.JUnitXmlReportPlugin,sbt.plugins.SemanticdbPlugin)[0m
[0m[[0m[0mdebug[0m] [0m[0mPlugins.deducer#function took 61.716 ms[0m
[0m[[0m[0minfo[0m] [0m[0mloading settings for project hello-world-build-build-build from metals.sbt ...[0m
[0m[[0m[0mdebug[0m] [0m[0m                          Load.resolveProject(hello-world-build-build-build) took 205.3131ms[0m
[0m[[0m[0mdebug[0m] [0m[0m                        Load.loadTransitive: finalizeProject(Project(id hello-world-build-build-build, base: C:\GitRepo\ScalaProjects\firstScalaProject\hello-world\project\project\project, plugins: List(<none>))) took 362.6296ms[0m
[0m[[0m[0mdebug[0m] [0m[0m[Loading] Done in C:\GitRepo\ScalaProjects\firstScalaProject\hello-world\project\project\project, returning: (hello-world-build-build-build)[0m
[0m[[0m[0mdebug[0m] [0m[0m                      Load.loadUnit: loadedProjectsRaw took 1955.4773ms[0m
[0m[[0m[0mdebug[0m] [0m[0m                      Load.loadUnit: cleanEvalClasses took 31.3255ms[0m
[0m[[0m[0mdebug[0m] [0m[0m                    Load.loadUnit(file:/C:/GitRepo/ScalaProjects/firstScalaProject/hello-world/project/project/project/, ...) took 2665.3073ms[0m
[0m[[0m[0mdebug[0m] [0m[0m                  Load.apply: load took 3194.5877ms[0m
[0m[[0m[0mdebug[0m] [0m[0m                  Load.apply: resolveProjects took 19.7973ms[0m
[0m[[0m[0mdebug[0m] [0m[0m                  Load.apply: finalTransforms took 284.7762ms[0m
[0m[[0m[0mdebug[0m] [0m[0m                  Load.apply: config.delegates took 23.9109ms[0m
[0m[[0m[0mdebug[0m] [0m[0m                  Load.apply: Def.make(settings)... took 1784.0343ms[0m
[0m[[0m[0mdebug[0m] [0m[0m                  Load.apply: structureIndex took 394.134ms[0m
[0m[[0m[0mdebug[0m] [0m[0m                  Load.apply: mkStreams took 3.9475ms[0m
[0m[[0m[0minfo[0m] [0m[0mloading project definition from C:\GitRepo\ScalaProjects\firstScalaProject\hello-world\project\project\project[0m
[0m[[0m[0mdebug[0m] [0m[0mRunning task... Cancel: Signal, check cycles: false, forcegc: true[0m
[0m[[0m[0mdebug[0m] [0m[0m                Load.loadUnit: plugins took 9910.4093ms[0m
[0m[[0m[0mdebug[0m] [0m[0m                Load.loadUnit: defsScala took 0.0352ms[0m
[0m[[0m[0mdebug[0m] [0m[0m[Loading] Scanning directory C:\GitRepo\ScalaProjects\firstScalaProject\hello-world\project\project[0m
[0m[[0m[0mdebug[0m] [0m[0m                  Load.loadUnit: mkEval took 0.9273ms[0m
[0m[[0m[0mdebug[0m] [0m[0m[Loading] Found non-root projects [0m
[0m[[0m[0mdebug[0m] [0m[0m[Loading] Done in C:\GitRepo\ScalaProjects\firstScalaProject\hello-world\project\project, returning: ()[0m
[0m[[0m[0mdebug[0m] [0m[0mdeducing auto plugins based on known facts Set(Atom(sbt.plugins.CorePlugin)) and clauses Clauses(Clause(Atom(sbt.plugins.JvmPlugin),Set(Atom(sbt.plugins.IvyPlugin)))[0m
[0m[[0m[0mdebug[0m] [0m[0mClause(Atom(sbt.ScriptedPlugin),Set(Atom(sbt.plugins.JvmPlugin)))[0m
[0m[[0m[0mdebug[0m] [0m[0mClause(Atom(sbt.plugins.SbtPlugin),Set(Atom(sbt.ScriptedPlugin)))[0m
[0m[[0m[0mdebug[0m] [0m[0mClause(Atom(sbt.plugins.SemanticdbPlugin),Set(Atom(sbt.plugins.JvmPlugin)))[0m
[0m[[0m[0mdebug[0m] [0m[0mClause(Atom(sbt.plugins.JUnitXmlReportPlugin),Set(Atom(sbt.plugins.JvmPlugin)))[0m
[0m[[0m[0mdebug[0m] [0m[0mClause(Atom(sbt.plugins.MiniDependencyTreePlugin),Set(Atom(sbt.plugins.JvmPlugin)))[0m
[0m[[0m[0mdebug[0m] [0m[0mClause(Atom(bloop.integrations.sbt.BloopPlugin),Set(Atom(sbt.plugins.JvmPlugin)))[0m
[0m[[0m[0mdebug[0m] [0m[0mClause(Atom(sbt.plugins.CorePlugin),Set(Atom(sbt.plugins.IvyPlugin)))[0m
[0m[[0m[0mdebug[0m] [0m[0mClause(Atom(sbt.plugins.IvyPlugin),Set(Atom(sbt.plugins.JvmPlugin)))[0m
[0m[[0m[0mdebug[0m] [0m[0mClause(Atom(sbt.plugins.JvmPlugin),Set(Atom(sbt.plugins.SemanticdbPlugin)))[0m
[0m[[0m[0mdebug[0m] [0m[0mClause(Atom(sbt.plugins.JvmPlugin),Set(Atom(sbt.plugins.JUnitXmlReportPlugin)))[0m
[0m[[0m[0mdebug[0m] [0m[0mClause(Atom(sbt.plugins.CorePlugin),Set(Atom(sbt.plugins.Giter8TemplatePlugin)))[0m
[0m[[0m[0mdebug[0m] [0m[0mClause(Atom(sbt.plugins.JvmPlugin),Set(Atom(sbt.plugins.MiniDependencyTreePlugin)))[0m
[0m[[0m[0mdebug[0m] [0m[0mClause(Atom(sbt.plugins.JvmPlugin),Set(Atom(bloop.integrations.sbt.BloopPlugin))))[0m
[0m[[0m[0mdebug[0m] [0m[0m  :: deduced result: Matched(sbt.plugins.CorePlugin,sbt.plugins.Giter8TemplatePlugin,sbt.plugins.IvyPlugin,sbt.plugins.JvmPlugin,bloop.integrations.sbt.BloopPlugin,sbt.plugins.MiniDependencyTreePlugin,sbt.plugins.JUnitXmlReportPlugin,sbt.plugins.SemanticdbPlugin)[0m
[0m[[0m[0mdebug[0m] [0m[0mPlugins.deducer#function took 3.1378 ms[0m
[0m[[0m[0minfo[0m] [0m[0mloading settings for project hello-world-build-build from metals.sbt ...[0m
[0m[[0m[0mdebug[0m] [0m[0m                    Load.resolveProject(hello-world-build-build) took 131.3262ms[0m
[0m[[0m[0mdebug[0m] [0m[0m                  Load.loadTransitive: finalizeProject(Project(id hello-world-build-build, base: C:\GitRepo\ScalaProjects\firstScalaProject\hello-world\project\project, plugins: List(<none>))) took 135.5369ms[0m
[0m[[0m[0mdebug[0m] [0m[0m[Loading] Done in C:\GitRepo\ScalaProjects\firstScalaProject\hello-world\project\project, returning: (hello-world-build-build)[0m
[0m[[0m[0mdebug[0m] [0m[0m                Load.loadUnit: loadedProjectsRaw took 228.5104ms[0m
[0m[[0m[0mdebug[0m] [0m[0m                Load.loadUnit: cleanEvalClasses took 27.6784ms[0m
[0m[[0m[0mdebug[0m] [0m[0m              Load.loadUnit(file:/C:/GitRepo/ScalaProjects/firstScalaProject/hello-world/project/project/, ...) took 10170.9367ms[0m
[0m[[0m[0mdebug[0m] [0m[0m            Load.apply: load took 10206.4732ms[0m
[0m[[0m[0mdebug[0m] [0m[0m            Load.apply: resolveProjects took 1.0731ms[0m
[0m[[0m[0mdebug[0m] [0m[0m            Load.apply: finalTransforms took 95.4465ms[0m
[0m[[0m[0mdebug[0m] [0m[0m            Load.apply: config.delegates took 0.5432ms[0m
[0m[[0m[0mdebug[0m] [0m[0m            Load.apply: Def.make(settings)... took 508.9025ms[0m
[0m[[0m[0mdebug[0m] [0m[0m            Load.apply: structureIndex took 104.2951ms[0m
[0m[[0m[0mdebug[0m] [0m[0m            Load.apply: mkStreams took 0.0073ms[0m
[0m[[0m[0minfo[0m] [0m[0mloading project definition from C:\GitRepo\ScalaProjects\firstScalaProject\hello-world\project\project[0m
[0m[[0m[0mdebug[0m] [0m[0mEvaluating tasks: bloopInstall[0m
[0m[[0m[0mdebug[0m] [0m[0mRunning task... Cancel: Signal, check cycles: false, forcegc: true[0m
[0m[[0m[32msuccess[0m] [0m[0mGenerated .bloop\hello-world-build-build.json[0m
[0m[[0m[32msuccess[0m] [0m[0mTotal time: 6 s, completed Apr 23, 2023, 3:30:49 PM[0m
[0m[[0m[0mdebug[0m] [0m[0mRunning task... Cancel: Signal, check cycles: false, forcegc: true[0m
[0m[[0m[0mdebug[0m] [0m[0m          Load.loadUnit: plugins took 18111.5531ms[0m
[0m[[0m[0mdebug[0m] [0m[0m          Load.loadUnit: defsScala took 0.0048ms[0m
[0m[[0m[0mdebug[0m] [0m[0m[Loading] Scanning directory C:\GitRepo\ScalaProjects\firstScalaProject\hello-world\project[0m
[0m[[0m[0mdebug[0m] [0m[0m            Load.loadUnit: mkEval took 0.4176ms[0m
[0m[[0m[0mdebug[0m] [0m[0m[Loading] Found non-root projects [0m
[0m[[0m[0mdebug[0m] [0m[0m[Loading] Done in C:\GitRepo\ScalaProjects\firstScalaProject\hello-world\project, returning: ()[0m
[0m[[0m[0mdebug[0m] [0m[0mdeducing auto plugins based on known facts Set(Atom(sbt.plugins.CorePlugin)) and clauses Clauses(Clause(Atom(sbt.plugins.JvmPlugin),Set(Atom(sbt.plugins.IvyPlugin)))[0m
[0m[[0m[0mdebug[0m] [0m[0mClause(Atom(sbt.ScriptedPlugin),Set(Atom(sbt.plugins.JvmPlugin)))[0m
[0m[[0m[0mdebug[0m] [0m[0mClause(Atom(sbt.plugins.SbtPlugin),Set(Atom(sbt.ScriptedPlugin)))[0m
[0m[[0m[0mdebug[0m] [0m[0mClause(Atom(sbt.plugins.SemanticdbPlugin),Set(Atom(sbt.plugins.JvmPlugin)))[0m
[0m[[0m[0mdebug[0m] [0m[0mClause(Atom(sbt.plugins.JUnitXmlReportPlugin),Set(Atom(sbt.plugins.JvmPlugin)))[0m
[0m[[0m[0mdebug[0m] [0m[0mClause(Atom(sbt.plugins.MiniDependencyTreePlugin),Set(Atom(sbt.plugins.JvmPlugin)))[0m
[0m[[0m[0mdebug[0m] [0m[0mClause(Atom(bloop.integrations.sbt.BloopPlugin),Set(Atom(sbt.plugins.JvmPlugin)))[0m
[0m[[0m[0mdebug[0m] [0m[0mClause(Atom(sbt.plugins.CorePlugin),Set(Atom(sbt.plugins.IvyPlugin)))[0m
[0m[[0m[0mdebug[0m] [0m[0mClause(Atom(sbt.plugins.IvyPlugin),Set(Atom(sbt.plugins.JvmPlugin)))[0m
[0m[[0m[0mdebug[0m] [0m[0mClause(Atom(sbt.plugins.JvmPlugin),Set(Atom(sbt.plugins.SemanticdbPlugin)))[0m
[0m[[0m[0mdebug[0m] [0m[0mClause(Atom(sbt.plugins.JvmPlugin),Set(Atom(sbt.plugins.JUnitXmlReportPlugin)))[0m
[0m[[0m[0mdebug[0m] [0m[0mClause(Atom(sbt.plugins.CorePlugin),Set(Atom(sbt.plugins.Giter8TemplatePlugin)))[0m
[0m[[0m[0mdebug[0m] [0m[0mClause(Atom(sbt.plugins.JvmPlugin),Set(Atom(sbt.plugins.MiniDependencyTreePlugin)))[0m
[0m[[0m[0mdebug[0m] [0m[0mClause(Atom(sbt.plugins.JvmPlugin),Set(Atom(bloop.integrations.sbt.BloopPlugin))))[0m
[0m[[0m[0mdebug[0m] [0m[0m  :: deduced result: Matched(sbt.plugins.CorePlugin,sbt.plugins.Giter8TemplatePlugin,sbt.plugins.IvyPlugin,sbt.plugins.JvmPlugin,bloop.integrations.sbt.BloopPlugin,sbt.plugins.MiniDependencyTreePlugin,sbt.plugins.JUnitXmlReportPlugin,sbt.plugins.SemanticdbPlugin)[0m
[0m[[0m[0mdebug[0m] [0m[0mPlugins.deducer#function took 17.7716 ms[0m
[0m[[0m[0minfo[0m] [0m[0mloading settings for project hello-world-build from metals.sbt,plugins.sbt ...[0m
[0m[[0m[0mdebug[0m] [0m[0m              Load.resolveProject(hello-world-build) took 150.3754ms[0m
[0m[[0m[0mdebug[0m] [0m[0m            Load.loadTransitive: finalizeProject(Project(id hello-world-build, base: C:\GitRepo\ScalaProjects\firstScalaProject\hello-world\project, plugins: List(<none>))) took 169.778ms[0m
[0m[[0m[0mdebug[0m] [0m[0m[Loading] Done in C:\GitRepo\ScalaProjects\firstScalaProject\hello-world\project, returning: (hello-world-build)[0m
[0m[[0m[0mdebug[0m] [0m[0m          Load.loadUnit: loadedProjectsRaw took 302.1097ms[0m
[0m[[0m[0mdebug[0m] [0m[0m          Load.loadUnit: cleanEvalClasses took 15.5877ms[0m
[0m[[0m[0mdebug[0m] [0m[0m        Load.loadUnit(file:/C:/GitRepo/ScalaProjects/firstScalaProject/hello-world/project/, ...) took 18430.8554ms[0m
[0m[[0m[0mdebug[0m] [0m[0m      Load.apply: load took 18442.9122ms[0m
[0m[[0m[0mdebug[0m] [0m[0m      Load.apply: resolveProjects took 0.1564ms[0m
[0m[[0m[0mdebug[0m] [0m[0m      Load.apply: finalTransforms took 60.1005ms[0m
[0m[[0m[0mdebug[0m] [0m[0m      Load.apply: config.delegates took 0.646ms[0m
[0m[[0m[0mdebug[0m] [0m[0m      Load.apply: Def.make(settings)... took 307.0302ms[0m
[0m[[0m[0mdebug[0m] [0m[0m      Load.apply: structureIndex took 85.5775ms[0m
[0m[[0m[0mdebug[0m] [0m[0m      Load.apply: mkStreams took 0.0036ms[0m
[0m[[0m[0minfo[0m] [0m[0mloading project definition from C:\GitRepo\ScalaProjects\firstScalaProject\hello-world\project[0m
[0m[[0m[0mdebug[0m] [0m[0mEvaluating tasks: bloopInstall[0m
[0m[[0m[0mdebug[0m] [0m[0mRunning task... Cancel: Signal, check cycles: false, forcegc: true[0m
[0m[[0m[0minfo[0m] [0m[0mUpdating [0m
[0m[[0m[0minfo[0m] [0m[0mResolved  dependencies[0m
[0m[[0m[33mwarn[0m] [0m[0m[0m
[0m[[0m[33mwarn[0m] [0m[0m	Note: Some unresolved dependencies have extra attributes.  Check that these dependencies exist with the requested attributes.[0m
[0m[[0m[33mwarn[0m] [0m[0m		com.eed3si9n:sbt-assembly:1.8.2 (sbtVersion=1.0, scalaVersion=2.12)[0m
[0m[[0m[33mwarn[0m] [0m[0m[0m
[0m[[0m[33mwarn[0m] [0m[0m	Note: Unresolved dependencies path:[0m
[0m[[0m[31merror[0m] [0m[0mCouldn't run bloopGenerate for hello-world-build. Cause:[0m
[0m[[0m[31merror[0m] [0m[0mIncomplete(node=Some(Task(_)), tpe=Error, msg=None, causes=List(Incomplete(node=Some(Task((taskDefinitionKey: ScopedKey(Scope(Select(ProjectRef(file:/C:/GitRepo/ScalaProjects/firstScalaProject/hello-world/project/,hello-world-build)), Zero, Zero, Zero),update)))), tpe=Error, msg=None, causes=List(Incomplete(node=Some(Task((tags: Map(Tag(update) -> 1, Tag(network) -> 1), taskDefinitionKey: ScopedKey(Scope(Select(ProjectRef(file:/C:/GitRepo/ScalaProjects/firstScalaProject/hello-world/project/,hello-world-build)), Zero, Zero, Zero),update)))), tpe=Error, msg=None, causes=List(), directCause=Some(sbt.librarymanagement.ResolveException: Error downloading com.eed3si9n:sbt-assembly;sbtVersion=1.0;scalaVersion=2.12:1.8.2[0m
[0m[[0m[31merror[0m] [0m[0m  Not found[0m
[0m[[0m[31merror[0m] [0m[0m  Not found[0m
[0m[[0m[31merror[0m] [0m[0m  not found: https://repo1.maven.org/maven2/com/eed3si9n/sbt-assembly_2.12_1.0/1.8.2/sbt-assembly-1.8.2.pom[0m
[0m[[0m[31merror[0m] [0m[0m  not found: C:\Users\ivana\.ivy2\localcom.eed3si9n\sbt-assembly\scala_2.12\sbt_1.0\1.8.2\ivys\ivy.xml[0m
[0m[[0m[31merror[0m] [0m[0m  not found: https://repo.scala-sbt.org/scalasbt/sbt-plugin-releases/com.eed3si9n/sbt-assembly/scala_2.12/sbt_1.0/1.8.2/ivys/ivy.xml[0m
[0m[[0m[31merror[0m] [0m[0m  not found: https://repo.typesafe.com/typesafe/ivy-releases/com.eed3si9n/sbt-assembly/scala_2.12/sbt_1.0/1.8.2/ivys/ivy.xml))), directCause=None), Incomplete(node=Some(Task(_)), tpe=Error, msg=None, causes=List(Incomplete(node=Some(Task(_)), tpe=Error, msg=None, causes=List(Incomplete(node=Some(Task((taskDefinitionKey: ScopedKey(Scope(Select(ProjectRef(file:/C:/GitRepo/ScalaProjects/firstScalaProject/hello-world/project/,hello-world-build)), Select(ConfigKey(compile)), Zero, Zero),externalDependencyClasspath)))), tpe=Error, msg=None, causes=List(Incomplete(node=Some(Task(_)), tpe=Error, msg=None, causes=List(Incomplete(node=Some(Task((taskDefinitionKey: ScopedKey(Scope(Select(ProjectRef(file:/C:/GitRepo/ScalaProjects/firstScalaProject/hello-world/project/,hello-world-build)), Select(ConfigKey(compile)), Zero, Zero),managedClasspath)))), tpe=Error, msg=None, causes=List(Incomplete(node=Some(Task(_)), tpe=Error, msg=None, causes=List(Incomplete(node=Some(Task((taskDefinitionKey: ScopedKey(Scope(Select(ProjectRef(file:/C:/GitRepo/ScalaProjects/firstScalaProject/hello-world/project/,hello-world-build)), Zero, Zero, Zero),update)))), tpe=Error, msg=None, causes=List(Incomplete(node=Some(Task((tags: Map(Tag(update) -> 1, Tag(network) -> 1), taskDefinitionKey: ScopedKey(Scope(Select(ProjectRef(file:/C:/GitRepo/ScalaProjects/firstScalaProject/hello-world/project/,hello-world-build)), Zero, Zero, Zero),update)))), tpe=Error, msg=None, causes=List(), directCause=Some(sbt.librarymanagement.ResolveException: Error downloading com.eed3si9n:sbt-assembly;sbtVersion=1.0;scalaVersion=2.12:1.8.2[0m
[0m[[0m[31merror[0m] [0m[0m  Not found[0m
[0m[[0m[31merror[0m] [0m[0m  Not found[0m
[0m[[0m[31merror[0m] [0m[0m  not found: https://repo1.maven.org/maven2/com/eed3si9n/sbt-assembly_2.12_1.0/1.8.2/sbt-assembly-1.8.2.pom[0m
[0m[[0m[31merror[0m] [0m[0m  not found: C:\Users\ivana\.ivy2\localcom.eed3si9n\sbt-assembly\scala_2.12\sbt_1.0\1.8.2\ivys\ivy.xml[0m
[0m[[0m[31merror[0m] [0m[0m  not found: https://repo.scala-sbt.org/scalasbt/sbt-plugin-releases/com.eed3si9n/sbt-assembly/scala_2.12/sbt_1.0/1.8.2/ivys/ivy.xml[0m
[0m[[0m[31merror[0m] [0m[0m  not found: https://repo.typesafe.com/typesafe/ivy-releases/com.eed3si9n/sbt-assembly/scala_2.12/sbt_1.0/1.8.2/ivys/ivy.xml))), directCause=None), Incomplete(node=Some(Task((taskDefinitionKey: ScopedKey(Scope(Select(ProjectRef(file:/C:/GitRepo/ScalaProjects/firstScalaProject/hello-world/project/,hello-world-build)), Select(ConfigKey(compile)), Zero, Zero),classpathConfiguration)))), tpe=Error, msg=None, causes=List(Incomplete(node=Some(Task((taskDefinitionKey: ScopedKey(Scope(Select(ProjectRef(file:/C:/GitRepo/ScalaProjects/firstScalaProject/hello-world/project/,hello-world-build)), Zero, Zero, Zero),update)))), tpe=Error, msg=None, causes=List(Incomplete(node=Some(Task((tags: Map(Tag(update) -> 1, Tag(network) -> 1), taskDefinitionKey: ScopedKey(Scope(Select(ProjectRef(file:/C:/GitRepo/ScalaProjects/firstScalaProject/hello-world/project/,hello-world-build)), Zero, Zero, Zero),update)))), tpe=Error, msg=None, causes=List(), directCause=Some(sbt.librarymanagement.ResolveException: Error downloading com.eed3si9n:sbt-assembly;sbtVersion=1.0;scalaVersion=2.12:1.8.2[0m
[0m[[0m[31merror[0m] [0m[0m  Not found[0m
[0m[[0m[31merror[0m] [0m[0m  Not found[0m
[0m[[0m[31merror[0m] [0m[0m  not found: https://repo1.maven.org/maven2/com/eed3si9n/sbt-assembly_2.12_1.0/1.8.2/sbt-assembly-1.8.2.pom[0m
[0m[[0m[31merror[0m] [0m[0m  not found: C:\Users\ivana\.ivy2\localcom.eed3si9n\sbt-assembly\scala_2.12\sbt_1.0\1.8.2\ivys\ivy.xml[0m
[0m[[0m[31merror[0m] [0m[0m  not found: https://repo.scala-sbt.org/scalasbt/sbt-plugin-releases/com.eed3si9n/sbt-assembly/scala_2.12/sbt_1.0/1.8.2/ivys/ivy.xml[0m
[0m[[0m[31merror[0m] [0m[0m  not found: https://repo.typesafe.com/typesafe/ivy-releases/com.eed3si9n/sbt-assembly/scala_2.12/sbt_1.0/1.8.2/ivys/ivy.xml))), directCause=None)), directCause=None)), directCause=None)), directCause=None)), directCause=None)), directCause=None)), directCause=None)), directCause=None), Incomplete(node=Some(Task((taskDefinitionKey: ScopedKey(Scope(Select(ProjectRef(file:/C:/GitRepo/ScalaProjects/firstScalaProject/hello-world/project/,hello-world-build)), Select(ConfigKey(compile)), Zero, Zero),bloopInternalClasspath)))), tpe=Error, msg=None, causes=List(Incomplete(node=Some(Task(_)), tpe=Error, msg=None, causes=List(Incomplete(node=Some(Task((taskDefinitionKey: ScopedKey(Scope(Select(ProjectRef(file:/C:/GitRepo/ScalaProjects/firstScalaProject/hello-world/project/,hello-world-build)), Select(ConfigKey(compile)), Zero, Zero),classpathConfiguration)))), tpe=Error, msg=None, causes=List(Incomplete(node=Some(Task((taskDefinitionKey: ScopedKey(Scope(Select(ProjectRef(file:/C:/GitRepo/ScalaProjects/firstScalaProject/hello-world/project/,hello-world-build)), Zero, Zero, Zero),update)))), tpe=Error, msg=None, causes=List(Incomplete(node=Some(Task((tags: Map(Tag(update) -> 1, Tag(network) -> 1), taskDefinitionKey: ScopedKey(Scope(Select(ProjectRef(file:/C:/GitRepo/ScalaProjects/firstScalaProject/hello-world/project/,hello-world-build)), Zero, Zero, Zero),update)))), tpe=Error, msg=None, causes=List(), directCause=Some(sbt.librarymanagement.ResolveException: Error downloading com.eed3si9n:sbt-assembly;sbtVersion=1.0;scalaVersion=2.12:1.8.2[0m
[0m[[0m[31merror[0m] [0m[0m  Not found[0m
[0m[[0m[31merror[0m] [0m[0m  Not found[0m
[0m[[0m[31merror[0m] [0m[0m  not found: https://repo1.maven.org/maven2/com/eed3si9n/sbt-assembly_2.12_1.0/1.8.2/sbt-assembly-1.8.2.pom[0m
[0m[[0m[31merror[0m] [0m[0m  not found: C:\Users\ivana\.ivy2\localcom.eed3si9n\sbt-assembly\scala_2.12\sbt_1.0\1.8.2\ivys\ivy.xml[0m
[0m[[0m[31merror[0m] [0m[0m  not found: https://repo.scala-sbt.org/scalasbt/sbt-plugin-releases/com.eed3si9n/sbt-assembly/scala_2.12/sbt_1.0/1.8.2/ivys/ivy.xml[0m
[0m[[0m[31merror[0m] [0m[0m  not found: https://repo.typesafe.com/typesafe/ivy-releases/com.eed3si9n/sbt-assembly/scala_2.12/sbt_1.0/1.8.2/ivys/ivy.xml))), directCause=None)), directCause=None)), directCause=None)), directCause=None), Incomplete(node=Some(Task((taskDefinitionKey: ScopedKey(Scope(Select(ProjectRef(file:/C:/GitRepo/ScalaProjects/firstScalaProject/hello-world/project/,hello-world-build)), Select(ConfigKey(compile)), Zero, Zero),scalacOptions)))), tpe=Error, msg=None, causes=List(Incomplete(node=Some(Task((taskDefinitionKey: ScopedKey(Scope(Select(ProjectRef(file:/C:/GitRepo/ScalaProjects/firstScalaProject/hello-world/project/,hello-world-build)), Select(ConfigKey(compile)), Zero, Zero),scalacOptions)))), tpe=Error, msg=None, causes=List(Incomplete(node=Some(Task((taskDefinitionKey: ScopedKey(Scope(Select(ProjectRef(file:/C:/GitRepo/ScalaProjects/firstScalaProject/hello-world/project/,hello-world-build)), Select(ConfigKey(compile)), Zero, Zero),scalacOptions)))), tpe=Error, msg=None, causes=List(Incomplete(node=Some(Task((taskDefinitionKey: ScopedKey(Scope(Select(ProjectRef(file:/C:/GitRepo/ScalaProjects/firstScalaProject/hello-world/project/,hello-world-build)), Select(ConfigKey(compile)), Zero, Zero),scalacOptions)))), tpe=Error, msg=None, causes=List(Incomplete(node=Some(Task((taskDefinitionKey: ScopedKey(Scope(Select(ProjectRef(file:/C:/GitRepo/ScalaProjects/firstScalaProject/hello-world/project/,hello-world-build)), Select(ConfigKey(compile)), Zero, Zero),scalacOptions)))), tpe=Error, msg=None, causes=List(Incomplete(node=Some(Task((taskDefinitionKey: ScopedKey(Scope(Select(ProjectRef(file:/C:/GitRepo/ScalaProjects/firstScalaProject/hello-world/project/,hello-world-build)), Zero, Zero, Zero),update)))), tpe=Error, msg=None, causes=List(Incomplete(node=Some(Task((tags: Map(Tag(update) -> 1, Tag(network) -> 1), taskDefinitionKey: ScopedKey(Scope(Select(ProjectRef(file:/C:/GitRepo/ScalaProjects/firstScalaProject/hello-world/project/,hello-world-build)), Zero, Zero, Zero),update)))), tpe=Error, msg=None, causes=List(), directCause=Some(sbt.librarymanagement.ResolveException: Error downloading com.eed3si9n:sbt-assembly;sbtVersion=1.0;scalaVersion=2.12:1.8.2[0m
[0m[[0m[31merror[0m] [0m[0m  Not found[0m
[0m[[0m[31merror[0m] [0m[0m  Not found[0m
[0m[[0m[31merror[0m] [0m[0m  not found: https://repo1.maven.org/maven2/com/eed3si9n/sbt-assembly_2.12_1.0/1.8.2/sbt-assembly-1.8.2.pom[0m
[0m[[0m[31merror[0m] [0m[0m  not found: C:\Users\ivana\.ivy2\localcom.eed3si9n\sbt-assembly\scala_2.12\sbt_1.0\1.8.2\ivys\ivy.xml[0m
[0m[[0m[31merror[0m] [0m[0m  not found: https://repo.scala-sbt.org/scalasbt/sbt-plugin-releases/com.eed3si9n/sbt-assembly/scala_2.12/sbt_1.0/1.8.2/ivys/ivy.xml[0m
[0m[[0m[31merror[0m] [0m[0m  not found: https://repo.typesafe.com/typesafe/ivy-releases/com.eed3si9n/sbt-assembly/scala_2.12/sbt_1.0/1.8.2/ivys/ivy.xml))), directCause=None)), directCause=None)), directCause=None)), directCause=None)), directCause=None)), directCause=None), Incomplete(node=Some(Task(_)), tpe=Error, msg=None, causes=List(Incomplete(node=Some(Task((taskDefinitionKey: ScopedKey(Scope(Select(ProjectRef(file:/C:/GitRepo/ScalaProjects/firstScalaProject/hello-world/project/,hello-world-build)), Select(ConfigKey(compile)), Zero, Zero),externalDependencyClasspath)))), tpe=Error, msg=None, causes=List(Incomplete(node=Some(Task(_)), tpe=Error, msg=None, causes=List(Incomplete(node=Some(Task((taskDefinitionKey: ScopedKey(Scope(Select(ProjectRef(file:/C:/GitRepo/ScalaProjects/firstScalaProject/hello-world/project/,hello-world-build)), Select(ConfigKey(compile)), Zero, Zero),managedClasspath)))), tpe=Error, msg=None, causes=List(Incomplete(node=Some(Task(_)), tpe=Error, msg=None, causes=List(Incomplete(node=Some(Task((taskDefinitionKey: ScopedKey(Scope(Select(ProjectRef(file:/C:/GitRepo/ScalaProjects/firstScalaProject/hello-world/project/,hello-world-build)), Zero, Zero, Zero),update)))), tpe=Error, msg=None, causes=List(Incomplete(node=Some(Task((tags: Map(Tag(update) -> 1, Tag(network) -> 1), taskDefinitionKey: ScopedKey(Scope(Select(ProjectRef(file:/C:/GitRepo/ScalaProjects/firstScalaProject/hello-world/project/,hello-world-build)), Zero, Zero, Zero),update)))), tpe=Error, msg=None, causes=List(), directCause=Some(sbt.librarymanagement.ResolveException: Error downloading com.eed3si9n:sbt-assembly;sbtVersion=1.0;scalaVersion=2.12:1.8.2[0m
[0m[[0m[31merror[0m] [0m[0m  Not found[0m
[0m[[0m[31merror[0m] [0m[0m  Not found[0m
[0m[[0m[31merror[0m] [0m[0m  not found: https://repo1.maven.org/maven2/com/eed3si9n/sbt-assembly_2.12_1.0/1.8.2/sbt-assembly-1.8.2.pom[0m
[0m[[0m[31merror[0m] [0m[0m  not found: C:\Users\ivana\.ivy2\localcom.eed3si9n\sbt-assembly\scala_2.12\sbt_1.0\1.8.2\ivys\ivy.xml[0m
[0m[[0m[31merror[0m] [0m[0m  not found: https://repo.scala-sbt.org/scalasbt/sbt-plugin-releases/com.eed3si9n/sbt-assembly/scala_2.12/sbt_1.0/1.8.2/ivys/ivy.xml[0m
[0m[[0m[31merror[0m] [0m[0m  not found: https://repo.typesafe.com/typesafe/ivy-releases/com.eed3si9n/sbt-assembly/scala_2.12/sbt_1.0/1.8.2/ivys/ivy.xml))), directCause=None), Incomplete(node=Some(Task((taskDefinitionKey: ScopedKey(Scope(Select(ProjectRef(file:/C:/GitRepo/ScalaProjects/firstScalaProject/hello-world/project/,hello-world-build)), Select(ConfigKey(compile)), Zero, Zero),classpathConfiguration)))), tpe=Error, msg=None, causes=List(Incomplete(node=Some(Task((taskDefinitionKey: ScopedKey(Scope(Select(ProjectRef(file:/C:/GitRepo/ScalaProjects/firstScalaProject/hello-world/project/,hello-world-build)), Zero, Zero, Zero),update)))), tpe=Error, msg=None, causes=List(Incomplete(node=Some(Task((tags: Map(Tag(update) -> 1, Tag(network) -> 1), taskDefinitionKey: ScopedKey(Scope(Select(ProjectRef(file:/C:/GitRepo/ScalaProjects/firstScalaProject/hello-world/project/,hello-world-build)), Zero, Zero, Zero),update)))), tpe=Error, msg=None, causes=List(), directCause=Some(sbt.librarymanagement.ResolveException: Error downloading com.eed3si9n:sbt-assembly;sbtVersion=1.0;scalaVersion=2.12:1.8.2[0m
[0m[[0m[31merror[0m] [0m[0m  Not found[0m
[0m[[0m[31merror[0m] [0m[0m  Not found[0m
[0m[[0m[31merror[0m] [0m[0m  not found: https://repo1.maven.org/maven2/com/eed3si9n/sbt-assembly_2.12_1.0/1.8.2/sbt-assembly-1.8.2.pom[0m
[0m[[0m[31merror[0m] [0m[0m  not found: C:\Users\ivana\.ivy2\localcom.eed3si9n\sbt-assembly\scala_2.12\sbt_1.0\1.8.2\ivys\ivy.xml[0m
[0m[[0m[31merror[0m] [0m[0m  not found: https://repo.scala-sbt.org/scalasbt/sbt-plugin-releases/com.eed3si9n/sbt-assembly/scala_2.12/sbt_1.0/1.8.2/ivys/ivy.xml[0m
[0m[[0m[31merror[0m] [0m[0m  not found: https://repo.typesafe.com/typesafe/ivy-releases/com.eed3si9n/sbt-assembly/scala_2.12/sbt_1.0/1.8.2/ivys/ivy.xml))), directCause=None)), directCause=None)), directCause=None)), directCause=None)), directCause=None)), directCause=None), Incomplete(node=Some(Task((taskDefinitionKey: ScopedKey(Scope(Select(ProjectRef(file:/C:/GitRepo/ScalaProjects/firstScalaProject/hello-world/project/,hello-world-build)), Select(ConfigKey(compile)), Zero, Zero),bloopInternalClasspath)))), tpe=Error, msg=None, causes=List(Incomplete(node=Some(Task(_)), tpe=Error, msg=None, causes=List(Incomplete(node=Some(Task((taskDefinitionKey: ScopedKey(Scope(Select(ProjectRef(file:/C:/GitRepo/ScalaProjects/firstScalaProject/hello-world/project/,hello-world-build)), Select(ConfigKey(compile)), Zero, Zero),classpathConfiguration)))), tpe=Error, msg=None, causes=List(Incomplete(node=Some(Task((taskDefinitionKey: ScopedKey(Scope(Select(ProjectRef(file:/C:/GitRepo/ScalaProjects/firstScalaProject/hello-world/project/,hello-world-build)), Zero, Zero, Zero),update)))), tpe=Error, msg=None, causes=List(Incomplete(node=Some(Task((tags: Map(Tag(update) -> 1, Tag(network) -> 1), taskDefinitionKey: ScopedKey(Scope(Select(ProjectRef(file:/C:/GitRepo/ScalaProjects/firstScalaProject/hello-world/project/,hello-world-build)), Zero, Zero, Zero),update)))), tpe=Error, msg=None, causes=List(), directCause=Some(sbt.librarymanagement.ResolveException: Error downloading com.eed3si9n:sbt-assembly;sbtVersion=1.0;scalaVersion=2.12:1.8.2[0m
[0m[[0m[31merror[0m] [0m[0m  Not found[0m
[0m[[0m[31merror[0m] [0m[0m  Not found[0m
[0m[[0m[31merror[0m] [0m[0m  not found: https://repo1.maven.org/maven2/com/eed3si9n/sbt-assembly_2.12_1.0/1.8.2/sbt-assembly-1.8.2.pom[0m
[0m[[0m[31merror[0m] [0m[0m  not found: C:\Users\ivana\.ivy2\localcom.eed3si9n\sbt-assembly\scala_2.12\sbt_1.0\1.8.2\ivys\ivy.xml[0m
[0m[[0m[31merror[0m] [0m[0m  not found: https://repo.scala-sbt.org/scalasbt/sbt-plugin-releases/com.eed3si9n/sbt-assembly/scala_2.12/sbt_1.0/1.8.2/ivys/ivy.xml[0m
[0m[[0m[31merror[0m] [0m[0m  not found: https://repo.typesafe.com/typesafe/ivy-releases/com.eed3si9n/sbt-assembly/scala_2.12/sbt_1.0/1.8.2/ivys/ivy.xml))), directCause=None)), directCause=None)), directCause=None)), directCause=None)), directCause=None)), directCause=None)[0m
[0m[[0m[32msuccess[0m] [0m[0mTotal time: 11 s, completed Apr 23, 2023, 3:31:02 PM[0m
[0m[[0m[0mdebug[0m] [0m[0mRunning task... Cancel: Signal, check cycles: false, forcegc: true[0m
[0m[[0m[0minfo[0m] [0m[0mUpdating [0m
[0m[[0m[0minfo[0m] [0m[0mResolved  dependencies[0m
[0m[[0m[33mwarn[0m] [0m[0m[0m
[0m[[0m[33mwarn[0m] [0m[0m	Note: Some unresolved dependencies have extra attributes.  Check that these dependencies exist with the requested attributes.[0m
[0m[[0m[33mwarn[0m] [0m[0m		com.eed3si9n:sbt-assembly:1.8.2 (sbtVersion=1.0, scalaVersion=2.12)[0m
[0m[[0m[33mwarn[0m] [0m[0m[0m
[0m[[0m[33mwarn[0m] [0m[0m	Note: Unresolved dependencies path:[0m
[0m[[0m[31merror[0m] [0m[0msbt.librarymanagement.ResolveException: Error downloading com.eed3si9n:sbt-assembly;sbtVersion=1.0;scalaVersion=2.12:1.8.2[0m
[0m[[0m[31merror[0m] [0m[0m  Not found[0m
[0m[[0m[31merror[0m] [0m[0m  Not found[0m
[0m[[0m[31merror[0m] [0m[0m  not found: https://repo1.maven.org/maven2/com/eed3si9n/sbt-assembly_2.12_1.0/1.8.2/sbt-assembly-1.8.2.pom[0m
[0m[[0m[31merror[0m] [0m[0m  not found: C:\Users\ivana\.ivy2\localcom.eed3si9n\sbt-assembly\scala_2.12\sbt_1.0\1.8.2\ivys\ivy.xml[0m
[0m[[0m[31merror[0m] [0m[0m  not found: https://repo.scala-sbt.org/scalasbt/sbt-plugin-releases/com.eed3si9n/sbt-assembly/scala_2.12/sbt_1.0/1.8.2/ivys/ivy.xml[0m
[0m[[0m[31merror[0m] [0m[0m  not found: https://repo.typesafe.com/typesafe/ivy-releases/com.eed3si9n/sbt-assembly/scala_2.12/sbt_1.0/1.8.2/ivys/ivy.xml[0m
[0m[[0m[31merror[0m] [0m[0m	at lmcoursier.CoursierDependencyResolution.unresolvedWarningOrThrow(CoursierDependencyResolution.scala:344)[0m
[0m[[0m[31merror[0m] [0m[0m	at lmcoursier.CoursierDependencyResolution.$anonfun$update$38(CoursierDependencyResolution.scala:313)[0m
[0m[[0m[31merror[0m] [0m[0m	at scala.util.Either$LeftProjection.map(Either.scala:573)[0m
[0m[[0m[31merror[0m] [0m[0m	at lmcoursier.CoursierDependencyResolution.update(CoursierDependencyResolution.scala:313)[0m
[0m[[0m[31merror[0m] [0m[0m	at sbt.librarymanagement.DependencyResolution.update(DependencyResolution.scala:60)[0m
[0m[[0m[31merror[0m] [0m[0m	at sbt.internal.LibraryManagement$.resolve$1(LibraryManagement.scala:59)[0m
[0m[[0m[31merror[0m] [0m[0m	at sbt.internal.LibraryManagement$.$anonfun$cachedUpdate$12(LibraryManagement.scala:133)[0m
[0m[[0m[31merror[0m] [0m[0m	at sbt.util.Tracked$.$anonfun$lastOutput$1(Tracked.scala:73)[0m
[0m[[0m[31merror[0m] [0m[0m	at sbt.internal.LibraryManagement$.$anonfun$cachedUpdate$20(LibraryManagement.scala:146)[0m
[0m[[0m[31merror[0m] [0m[0m	at scala.util.control.Exception$Catch.apply(Exception.scala:228)[0m
[0m[[0m[31merror[0m] [0m[0m	at sbt.internal.LibraryManagement$.$anonfun$cachedUpdate$11(LibraryManagement.scala:146)[0m
[0m[[0m[31merror[0m] [0m[0m	at sbt.internal.LibraryManagement$.$anonfun$cachedUpdate$11$adapted(LibraryManagement.scala:127)[0m
[0m[[0m[31merror[0m] [0m[0m	at sbt.util.Tracked$.$anonfun$inputChangedW$1(Tracked.scala:219)[0m
[0m[[0m[31merror[0m] [0m[0m	at sbt.internal.LibraryManagement$.cachedUpdate(LibraryManagement.scala:160)[0m
[0m[[0m[31merror[0m] [0m[0m	at sbt.Classpaths$.$anonfun$updateTask0$1(Defaults.scala:3687)[0m
[0m[[0m[31merror[0m] [0m[0m	at scala.Function1.$anonfun$compose$1(Function1.scala:49)[0m
[0m[[0m[31merror[0m] [0m[0m	at sbt.internal.util.$tilde$greater.$anonfun$$u2219$1(TypeFunctions.scala:62)[0m
[0m[[0m[31merror[0m] [0m[0m	at sbt.std.Transform$$anon$4.work(Transform.scala:68)[0m
[0m[[0m[31merror[0m] [0m[0m	at sbt.Execute.$anonfun$submit$2(Execute.scala:282)[0m
[0m[[0m[31merror[0m] [0m[0m	at sbt.internal.util.ErrorHandling$.wideConvert(ErrorHandling.scala:23)[0m
[0m[[0m[31merror[0m] [0m[0m	at sbt.Execute.work(Execute.scala:291)[0m
[0m[[0m[31merror[0m] [0m[0m	at sbt.Execute.$anonfun$submit$1(Execute.scala:282)[0m
[0m[[0m[31merror[0m] [0m[0m	at sbt.ConcurrentRestrictions$$anon$4.$anonfun$submitValid$1(ConcurrentRestrictions.scala:265)[0m
[0m[[0m[31merror[0m] [0m[0m	at sbt.CompletionService$$anon$2.call(CompletionService.scala:64)[0m
[0m[[0m[31merror[0m] [0m[0m	at java.base/java.util.concurrent.FutureTask.run(FutureTask.java:264)[0m
[0m[[0m[31merror[0m] [0m[0m	at java.base/java.util.concurrent.Executors$RunnableAdapter.call(Executors.java:539)[0m
[0m[[0m[31merror[0m] [0m[0m	at java.base/java.util.concurrent.FutureTask.run(FutureTask.java:264)[0m
[0m[[0m[31merror[0m] [0m[0m	at java.base/java.util.concurrent.ThreadPoolExecutor.runWorker(ThreadPoolExecutor.java:1136)[0m
[0m[[0m[31merror[0m] [0m[0m	at java.base/java.util.concurrent.ThreadPoolExecutor$Worker.run(ThreadPoolExecutor.java:635)[0m
[0m[[0m[31merror[0m] [0m[0m	at java.base/java.lang.Thread.run(Thread.java:833)[0m
[0m[[0m[31merror[0m] [0m[0m([31mupdate[0m) sbt.librarymanagement.ResolveException: Error downloading com.eed3si9n:sbt-assembly;sbtVersion=1.0;scalaVersion=2.12:1.8.2[0m
[0m[[0m[31merror[0m] [0m[0m  Not found[0m
[0m[[0m[31merror[0m] [0m[0m  Not found[0m
[0m[[0m[31merror[0m] [0m[0m  not found: https://repo1.maven.org/maven2/com/eed3si9n/sbt-assembly_2.12_1.0/1.8.2/sbt-assembly-1.8.2.pom[0m
[0m[[0m[31merror[0m] [0m[0m  not found: C:\Users\ivana\.ivy2\localcom.eed3si9n\sbt-assembly\scala_2.12\sbt_1.0\1.8.2\ivys\ivy.xml[0m
[0m[[0m[31merror[0m] [0m[0m  not found: https://repo.scala-sbt.org/scalasbt/sbt-plugin-releases/com.eed3si9n/sbt-assembly/scala_2.12/sbt_1.0/1.8.2/ivys/ivy.xml[0m
[0m[[0m[31merror[0m] [0m[0m  not found: https://repo.typesafe.com/typesafe/ivy-releases/com.eed3si9n/sbt-assembly/scala_2.12/sbt_1.0/1.8.2/ivys/ivy.xml[0m
[0m[[0m[0mdebug[0m] [0m[0m> Exec(loadFailed, None, None)[0m
[0m[[0m[33mwarn[0m] [0m[0mProject loading failed: (r)etry, (q)uit, (l)ast, or (i)gnore? (default: r)[0m
