[0m[[0m[0mdebug[0m] [0m[0m> Exec(early(addDefaultCommands), None, None)[0m
[0m[[0m[0mdebug[0m] [0m[0m> Exec(addDefaultCommands, None, None)[0m
[0m[[0m[0mdebug[0m] [0m[0m> Exec(early(initialize), None, None)[0m
[0m[[0m[0mdebug[0m] [0m[0m> Exec(initialize, None, None)[0m
[0m[[0m[0mdebug[0m] [0m[0m> Exec(boot, None, None)[0m
[0m[[0m[0mdebug[0m] [0m[0m> Exec(writeSbtVersion, None, None)[0m
[0m[[0m[0mdebug[0m] [0m[0m> Exec(reload, None, None)[0m
[0m[[0m[0mdebug[0m] [0m[0m> Exec(sbtStashOnFailure, None, None)[0m
[0m[[0m[0mdebug[0m] [0m[0m> Exec(onFailure loadFailed, None, None)[0m
[0m[[0m[0mdebug[0m] [0m[0m> Exec(loadp, None, None)[0m
[0m[[0m[0minfo[0m] [0m[0mwelcome to sbt 1.8.2 (Oracle Corporation Java 17.0.7)[0m
[0m[[0m[0mdebug[0m] [0m[0mLoad.defaultLoad until apply took 109.2076ms[0m
[0m[[0m[0mdebug[0m] [0m[0m                      Load.loadUnit: plugins took 159.144ms[0m
[0m[[0m[0mdebug[0m] [0m[0m                      Load.loadUnit: defsScala took 0.2921ms[0m
[0m[[0m[0mdebug[0m] [0m[0m[Loading] Scanning directory C:\GitRepo\ScalaProjects\firstScalaProject\hello-world\project\project\project[0m
[0m[[0m[0mdebug[0m] [0m[0m                        Load.loadUnit: mkEval took 6.6664ms[0m
[0m[[0m[0mdebug[0m] [0m[0m[Loading] Found non-root projects [0m
[0m[[0m[0mdebug[0m] [0m[0m[Loading] Done in C:\GitRepo\ScalaProjects\firstScalaProject\hello-world\project\project\project, returning: ()[0m
[0m[[0m[0mdebug[0m] [0m[0mdeducing auto plugins based on known facts Set(Atom(sbt.plugins.CorePlugin)) and clauses Clauses(Clause(Atom(sbt.plugins.JvmPlugin),Set(Atom(sbt.plugins.IvyPlugin)))[0m
[0m[[0m[0mdebug[0m] [0m[0mClause(Atom(sbt.ScriptedPlugin),Set(Atom(sbt.plugins.JvmPlugin)))[0m
[0m[[0m[0mdebug[0m] [0m[0mClause(Atom(sbt.plugins.SbtPlugin),Set(Atom(sbt.ScriptedPlugin)))[0m
[0m[[0m[0mdebug[0m] [0m[0mClause(Atom(sbt.plugins.SemanticdbPlugin),Set(Atom(sbt.plugins.JvmPlugin)))[0m
[0m[[0m[0mdebug[0m] [0m[0mClause(Atom(sbt.plugins.JUnitXmlReportPlugin),Set(Atom(sbt.plugins.JvmPlugin)))[0m
[0m[[0m[0mdebug[0m] [0m[0mClause(Atom(sbt.plugins.MiniDependencyTreePlugin),Set(Atom(sbt.plugins.JvmPlugin)))[0m
[0m[[0m[0mdebug[0m] [0m[0mClause(Atom(sbt.plugins.CorePlugin),Set(Atom(sbt.plugins.IvyPlugin)))[0m
[0m[[0m[0mdebug[0m] [0m[0mClause(Atom(sbt.plugins.IvyPlugin),Set(Atom(sbt.plugins.JvmPlugin)))[0m
[0m[[0m[0mdebug[0m] [0m[0mClause(Atom(sbt.plugins.JvmPlugin),Set(Atom(sbt.plugins.SemanticdbPlugin)))[0m
[0m[[0m[0mdebug[0m] [0m[0mClause(Atom(sbt.plugins.JvmPlugin),Set(Atom(sbt.plugins.JUnitXmlReportPlugin)))[0m
[0m[[0m[0mdebug[0m] [0m[0mClause(Atom(sbt.plugins.CorePlugin),Set(Atom(sbt.plugins.Giter8TemplatePlugin)))[0m
[0m[[0m[0mdebug[0m] [0m[0mClause(Atom(sbt.plugins.JvmPlugin),Set(Atom(sbt.plugins.MiniDependencyTreePlugin))))[0m
[0m[[0m[0mdebug[0m] [0m[0m  :: deduced result: Matched(sbt.plugins.CorePlugin,sbt.plugins.Giter8TemplatePlugin,sbt.plugins.IvyPlugin,sbt.plugins.JvmPlugin,sbt.plugins.MiniDependencyTreePlugin,sbt.plugins.JUnitXmlReportPlugin,sbt.plugins.SemanticdbPlugin)[0m
[0m[[0m[0mdebug[0m] [0m[0mPlugins.deducer#function took 35.2842 ms[0m
[0m[[0m[0minfo[0m] [0m[0mloading settings for project hello-world-build-build-build from metals.sbt ...[0m
[0m[[0m[0mdebug[0m] [0m[0m                          Load.resolveProject(hello-world-build-build-build) took 93.014ms[0m
[0m[[0m[0mdebug[0m] [0m[0m                        Load.loadTransitive: finalizeProject(Project(id hello-world-build-build-build, base: C:\GitRepo\ScalaProjects\firstScalaProject\hello-world\project\project\project, plugins: List(<none>))) took 162.604ms[0m
[0m[[0m[0mdebug[0m] [0m[0m[Loading] Done in C:\GitRepo\ScalaProjects\firstScalaProject\hello-world\project\project\project, returning: (hello-world-build-build-build)[0m
[0m[[0m[0mdebug[0m] [0m[0m                      Load.loadUnit: loadedProjectsRaw took 499.4571ms[0m
[0m[[0m[0mdebug[0m] [0m[0m                      Load.loadUnit: cleanEvalClasses took 21.2679ms[0m
[0m[[0m[0mdebug[0m] [0m[0m                    Load.loadUnit(file:/C:/GitRepo/ScalaProjects/firstScalaProject/hello-world/project/project/project/, ...) took 688.7759ms[0m
[0m[[0m[0mdebug[0m] [0m[0m                  Load.apply: load took 906.5812ms[0m
[0m[[0m[0mdebug[0m] [0m[0m                  Load.apply: resolveProjects took 6.35ms[0m
[0m[[0m[0mdebug[0m] [0m[0m                  Load.apply: finalTransforms took 94.6517ms[0m
[0m[[0m[0mdebug[0m] [0m[0m                  Load.apply: config.delegates took 11.8108ms[0m
[0m[[0m[0mdebug[0m] [0m[0m                  Load.apply: Def.make(settings)... took 618.1511ms[0m
[0m[[0m[0mdebug[0m] [0m[0m                  Load.apply: structureIndex took 137.4886ms[0m
[0m[[0m[0mdebug[0m] [0m[0m                  Load.apply: mkStreams took 2.2147ms[0m
[0m[[0m[0minfo[0m] [0m[0mloading project definition from C:\GitRepo\ScalaProjects\firstScalaProject\hello-world\project\project\project[0m
[0m[[0m[0mdebug[0m] [0m[0mRunning task... Cancel: Signal, check cycles: false, forcegc: true[0m
[0m[[0m[0mdebug[0m] [0m[0m                Load.loadUnit: plugins took 3224.6528ms[0m
[0m[[0m[0mdebug[0m] [0m[0m                Load.loadUnit: defsScala took 0.0036ms[0m
[0m[[0m[0mdebug[0m] [0m[0m[Loading] Scanning directory C:\GitRepo\ScalaProjects\firstScalaProject\hello-world\project\project[0m
[0m[[0m[0mdebug[0m] [0m[0m                  Load.loadUnit: mkEval took 0.3162ms[0m
[0m[[0m[0mdebug[0m] [0m[0m[Loading] Found non-root projects [0m
[0m[[0m[0mdebug[0m] [0m[0m[Loading] Done in C:\GitRepo\ScalaProjects\firstScalaProject\hello-world\project\project, returning: ()[0m
[0m[[0m[0mdebug[0m] [0m[0mdeducing auto plugins based on known facts Set(Atom(sbt.plugins.CorePlugin)) and clauses Clauses(Clause(Atom(sbt.plugins.JvmPlugin),Set(Atom(sbt.plugins.IvyPlugin)))[0m
[0m[[0m[0mdebug[0m] [0m[0mClause(Atom(sbt.ScriptedPlugin),Set(Atom(sbt.plugins.JvmPlugin)))[0m
[0m[[0m[0mdebug[0m] [0m[0mClause(Atom(sbt.plugins.SbtPlugin),Set(Atom(sbt.ScriptedPlugin)))[0m
[0m[[0m[0mdebug[0m] [0m[0mClause(Atom(sbt.plugins.SemanticdbPlugin),Set(Atom(sbt.plugins.JvmPlugin)))[0m
[0m[[0m[0mdebug[0m] [0m[0mClause(Atom(sbt.plugins.JUnitXmlReportPlugin),Set(Atom(sbt.plugins.JvmPlugin)))[0m
[0m[[0m[0mdebug[0m] [0m[0mClause(Atom(sbt.plugins.MiniDependencyTreePlugin),Set(Atom(sbt.plugins.JvmPlugin)))[0m
[0m[[0m[0mdebug[0m] [0m[0mClause(Atom(bloop.integrations.sbt.BloopPlugin),Set(Atom(sbt.plugins.JvmPlugin)))[0m
[0m[[0m[0mdebug[0m] [0m[0mClause(Atom(sbt.plugins.CorePlugin),Set(Atom(sbt.plugins.IvyPlugin)))[0m
[0m[[0m[0mdebug[0m] [0m[0mClause(Atom(sbt.plugins.IvyPlugin),Set(Atom(sbt.plugins.JvmPlugin)))[0m
[0m[[0m[0mdebug[0m] [0m[0mClause(Atom(sbt.plugins.JvmPlugin),Set(Atom(sbt.plugins.SemanticdbPlugin)))[0m
[0m[[0m[0mdebug[0m] [0m[0mClause(Atom(sbt.plugins.JvmPlugin),Set(Atom(sbt.plugins.JUnitXmlReportPlugin)))[0m
[0m[[0m[0mdebug[0m] [0m[0mClause(Atom(sbt.plugins.CorePlugin),Set(Atom(sbt.plugins.Giter8TemplatePlugin)))[0m
[0m[[0m[0mdebug[0m] [0m[0mClause(Atom(sbt.plugins.JvmPlugin),Set(Atom(sbt.plugins.MiniDependencyTreePlugin)))[0m
[0m[[0m[0mdebug[0m] [0m[0mClause(Atom(sbt.plugins.JvmPlugin),Set(Atom(bloop.integrations.sbt.BloopPlugin))))[0m
[0m[[0m[0mdebug[0m] [0m[0m  :: deduced result: Matched(sbt.plugins.CorePlugin,sbt.plugins.Giter8TemplatePlugin,sbt.plugins.IvyPlugin,sbt.plugins.JvmPlugin,bloop.integrations.sbt.BloopPlugin,sbt.plugins.MiniDependencyTreePlugin,sbt.plugins.JUnitXmlReportPlugin,sbt.plugins.SemanticdbPlugin)[0m
[0m[[0m[0mdebug[0m] [0m[0mPlugins.deducer#function took 1.8476 ms[0m
[0m[[0m[0minfo[0m] [0m[0mloading settings for project hello-world-build-build from metals.sbt ...[0m
[0m[[0m[0mdebug[0m] [0m[0m                    Load.resolveProject(hello-world-build-build) took 16.8802ms[0m
[0m[[0m[0mdebug[0m] [0m[0m                  Load.loadTransitive: finalizeProject(Project(id hello-world-build-build, base: C:\GitRepo\ScalaProjects\firstScalaProject\hello-world\project\project, plugins: List(<none>))) took 19.4626ms[0m
[0m[[0m[0mdebug[0m] [0m[0m[Loading] Done in C:\GitRepo\ScalaProjects\firstScalaProject\hello-world\project\project, returning: (hello-world-build-build)[0m
[0m[[0m[0mdebug[0m] [0m[0m                Load.loadUnit: loadedProjectsRaw took 49.7319ms[0m
[0m[[0m[0mdebug[0m] [0m[0m                Load.loadUnit: cleanEvalClasses took 7.8172ms[0m
[0m[[0m[0mdebug[0m] [0m[0m              Load.loadUnit(file:/C:/GitRepo/ScalaProjects/firstScalaProject/hello-world/project/project/, ...) took 3283.5812ms[0m
[0m[[0m[0mdebug[0m] [0m[0m            Load.apply: load took 3287.4473ms[0m
[0m[[0m[0mdebug[0m] [0m[0m            Load.apply: resolveProjects took 0.1642ms[0m
[0m[[0m[0mdebug[0m] [0m[0m            Load.apply: finalTransforms took 18.2051ms[0m
[0m[[0m[0mdebug[0m] [0m[0m            Load.apply: config.delegates took 0.3267ms[0m
[0m[[0m[0mdebug[0m] [0m[0m            Load.apply: Def.make(settings)... took 149.3851ms[0m
[0m[[0m[0mdebug[0m] [0m[0m            Load.apply: structureIndex took 35.9775ms[0m
[0m[[0m[0mdebug[0m] [0m[0m            Load.apply: mkStreams took 0.0019ms[0m
[0m[[0m[0minfo[0m] [0m[0mloading project definition from C:\GitRepo\ScalaProjects\firstScalaProject\hello-world\project\project[0m
[0m[[0m[0mdebug[0m] [0m[0mEvaluating tasks: bloopInstall[0m
[0m[[0m[0mdebug[0m] [0m[0mRunning task... Cancel: Signal, check cycles: false, forcegc: true[0m
[0m[[0m[32msuccess[0m] [0m[0mGenerated .bloop\hello-world-build-build.json[0m
[0m[[0m[32msuccess[0m] [0m[0mTotal time: 1 s, completed Apr 23, 2023, 3:12:45 PM[0m
[0m[[0m[0mdebug[0m] [0m[0mRunning task... Cancel: Signal, check cycles: false, forcegc: true[0m
[0m[[0m[0mdebug[0m] [0m[0m          Load.loadUnit: plugins took 5261.1758ms[0m
[0m[[0m[0mdebug[0m] [0m[0m          Load.loadUnit: defsScala took 0.0034ms[0m
[0m[[0m[0mdebug[0m] [0m[0m[Loading] Scanning directory C:\GitRepo\ScalaProjects\firstScalaProject\hello-world\project[0m
[0m[[0m[0mdebug[0m] [0m[0m            Load.loadUnit: mkEval took 0.2895ms[0m
[0m[[0m[0mdebug[0m] [0m[0m[Loading] Found non-root projects [0m
[0m[[0m[0mdebug[0m] [0m[0m[Loading] Done in C:\GitRepo\ScalaProjects\firstScalaProject\hello-world\project, returning: ()[0m
[0m[[0m[0mdebug[0m] [0m[0mdeducing auto plugins based on known facts Set(Atom(sbt.plugins.CorePlugin)) and clauses Clauses(Clause(Atom(sbt.plugins.JvmPlugin),Set(Atom(sbt.plugins.IvyPlugin)))[0m
[0m[[0m[0mdebug[0m] [0m[0mClause(Atom(sbt.ScriptedPlugin),Set(Atom(sbt.plugins.JvmPlugin)))[0m
[0m[[0m[0mdebug[0m] [0m[0mClause(Atom(sbt.plugins.SbtPlugin),Set(Atom(sbt.ScriptedPlugin)))[0m
[0m[[0m[0mdebug[0m] [0m[0mClause(Atom(sbt.plugins.SemanticdbPlugin),Set(Atom(sbt.plugins.JvmPlugin)))[0m
[0m[[0m[0mdebug[0m] [0m[0mClause(Atom(sbt.plugins.JUnitXmlReportPlugin),Set(Atom(sbt.plugins.JvmPlugin)))[0m
[0m[[0m[0mdebug[0m] [0m[0mClause(Atom(sbt.plugins.MiniDependencyTreePlugin),Set(Atom(sbt.plugins.JvmPlugin)))[0m
[0m[[0m[0mdebug[0m] [0m[0mClause(Atom(bloop.integrations.sbt.BloopPlugin),Set(Atom(sbt.plugins.JvmPlugin)))[0m
[0m[[0m[0mdebug[0m] [0m[0mClause(Atom(sbt.plugins.CorePlugin),Set(Atom(sbt.plugins.IvyPlugin)))[0m
[0m[[0m[0mdebug[0m] [0m[0mClause(Atom(sbt.plugins.IvyPlugin),Set(Atom(sbt.plugins.JvmPlugin)))[0m
[0m[[0m[0mdebug[0m] [0m[0mClause(Atom(sbt.plugins.JvmPlugin),Set(Atom(sbt.plugins.SemanticdbPlugin)))[0m
[0m[[0m[0mdebug[0m] [0m[0mClause(Atom(sbt.plugins.JvmPlugin),Set(Atom(sbt.plugins.JUnitXmlReportPlugin)))[0m
[0m[[0m[0mdebug[0m] [0m[0mClause(Atom(sbt.plugins.CorePlugin),Set(Atom(sbt.plugins.Giter8TemplatePlugin)))[0m
[0m[[0m[0mdebug[0m] [0m[0mClause(Atom(sbt.plugins.JvmPlugin),Set(Atom(sbt.plugins.MiniDependencyTreePlugin)))[0m
[0m[[0m[0mdebug[0m] [0m[0mClause(Atom(sbt.plugins.JvmPlugin),Set(Atom(bloop.integrations.sbt.BloopPlugin))))[0m
[0m[[0m[0mdebug[0m] [0m[0m  :: deduced result: Matched(sbt.plugins.CorePlugin,sbt.plugins.Giter8TemplatePlugin,sbt.plugins.IvyPlugin,sbt.plugins.JvmPlugin,bloop.integrations.sbt.BloopPlugin,sbt.plugins.MiniDependencyTreePlugin,sbt.plugins.JUnitXmlReportPlugin,sbt.plugins.SemanticdbPlugin)[0m
[0m[[0m[0mdebug[0m] [0m[0mPlugins.deducer#function took 2.2525 ms[0m
[0m[[0m[0minfo[0m] [0m[0mloading settings for project hello-world-build from metals.sbt,plugins.sbt ...[0m
[0m[[0m[0mdebug[0m] [0m[0m              Load.resolveProject(hello-world-build) took 21.1707ms[0m
[0m[[0m[0mdebug[0m] [0m[0m            Load.loadTransitive: finalizeProject(Project(id hello-world-build, base: C:\GitRepo\ScalaProjects\firstScalaProject\hello-world\project, plugins: List(<none>))) took 24.1795ms[0m
[0m[[0m[0mdebug[0m] [0m[0m[Loading] Done in C:\GitRepo\ScalaProjects\firstScalaProject\hello-world\project, returning: (hello-world-build)[0m
[0m[[0m[0mdebug[0m] [0m[0m          Load.loadUnit: loadedProjectsRaw took 70.8832ms[0m
[0m[[0m[0mdebug[0m] [0m[0m          Load.loadUnit: cleanEvalClasses took 12.0105ms[0m
[0m[[0m[0mdebug[0m] [0m[0m        Load.loadUnit(file:/C:/GitRepo/ScalaProjects/firstScalaProject/hello-world/project/, ...) took 5345.3734ms[0m
[0m[[0m[0mdebug[0m] [0m[0m      Load.apply: load took 5349.2701ms[0m
[0m[[0m[0mdebug[0m] [0m[0m      Load.apply: resolveProjects took 0.1988ms[0m
[0m[[0m[0mdebug[0m] [0m[0m      Load.apply: finalTransforms took 30.7827ms[0m
[0m[[0m[0mdebug[0m] [0m[0m      Load.apply: config.delegates took 0.4524ms[0m
[0m[[0m[0mdebug[0m] [0m[0m      Load.apply: Def.make(settings)... took 156.0207ms[0m
[0m[[0m[0mdebug[0m] [0m[0m      Load.apply: structureIndex took 42.5358ms[0m
[0m[[0m[0mdebug[0m] [0m[0m      Load.apply: mkStreams took 0.0029ms[0m
[0m[[0m[0minfo[0m] [0m[0mloading project definition from C:\GitRepo\ScalaProjects\firstScalaProject\hello-world\project[0m
[0m[[0m[0mdebug[0m] [0m[0mEvaluating tasks: bloopInstall[0m
[0m[[0m[0mdebug[0m] [0m[0mRunning task... Cancel: Signal, check cycles: false, forcegc: true[0m
[0m[[0m[0minfo[0m] [0m[0mUpdating [0m
[0m[[0m[0minfo[0m] [0m[0mResolved  dependencies[0m
[0m[[0m[33mwarn[0m] [0m[0m[0m
[0m[[0m[33mwarn[0m] [0m[0m	Note: Some unresolved dependencies have extra attributes.  Check that these dependencies exist with the requested attributes.[0m
[0m[[0m[33mwarn[0m] [0m[0m		com.eed3si9n:sbt-assembly:1.8.2 (sbtVersion=1.0, scalaVersion=2.12)[0m
[0m[[0m[33mwarn[0m] [0m[0m[0m
[0m[[0m[33mwarn[0m] [0m[0m	Note: Unresolved dependencies path:[0m
[0m[[0m[31merror[0m] [0m[0mCouldn't run bloopGenerate for hello-world-build. Cause:[0m
[0m[[0m[31merror[0m] [0m[0mIncomplete(node=Some(Task(_)), tpe=Error, msg=None, causes=List(Incomplete(node=Some(Task((taskDefinitionKey: ScopedKey(Scope(Select(ProjectRef(file:/C:/GitRepo/ScalaProjects/firstScalaProject/hello-world/project/,hello-world-build)), Zero, Zero, Zero),update)))), tpe=Error, msg=None, causes=List(Incomplete(node=Some(Task((tags: Map(Tag(update) -> 1, Tag(network) -> 1), taskDefinitionKey: ScopedKey(Scope(Select(ProjectRef(file:/C:/GitRepo/ScalaProjects/firstScalaProject/hello-world/project/,hello-world-build)), Zero, Zero, Zero),update)))), tpe=Error, msg=None, causes=List(), directCause=Some(sbt.librarymanagement.ResolveException: Error downloading com.eed3si9n:sbt-assembly;sbtVersion=1.0;scalaVersion=2.12:1.8.2[0m
[0m[[0m[31merror[0m] [0m[0m  Not found[0m
[0m[[0m[31merror[0m] [0m[0m  Not found[0m
[0m[[0m[31merror[0m] [0m[0m  not found: https://repo1.maven.org/maven2/com/eed3si9n/sbt-assembly_2.12_1.0/1.8.2/sbt-assembly-1.8.2.pom[0m
[0m[[0m[31merror[0m] [0m[0m  not found: C:\Users\ivana\.ivy2\localcom.eed3si9n\sbt-assembly\scala_2.12\sbt_1.0\1.8.2\ivys\ivy.xml[0m
[0m[[0m[31merror[0m] [0m[0m  not found: https://repo.scala-sbt.org/scalasbt/sbt-plugin-releases/com.eed3si9n/sbt-assembly/scala_2.12/sbt_1.0/1.8.2/ivys/ivy.xml[0m
[0m[[0m[31merror[0m] [0m[0m  not found: https://repo.typesafe.com/typesafe/ivy-releases/com.eed3si9n/sbt-assembly/scala_2.12/sbt_1.0/1.8.2/ivys/ivy.xml))), directCause=None), Incomplete(node=Some(Task(_)), tpe=Error, msg=None, causes=List(Incomplete(node=Some(Task(_)), tpe=Error, msg=None, causes=List(Incomplete(node=Some(Task((taskDefinitionKey: ScopedKey(Scope(Select(ProjectRef(file:/C:/GitRepo/ScalaProjects/firstScalaProject/hello-world/project/,hello-world-build)), Select(ConfigKey(compile)), Zero, Zero),externalDependencyClasspath)))), tpe=Error, msg=None, causes=List(Incomplete(node=Some(Task(_)), tpe=Error, msg=None, causes=List(Incomplete(node=Some(Task((taskDefinitionKey: ScopedKey(Scope(Select(ProjectRef(file:/C:/GitRepo/ScalaProjects/firstScalaProject/hello-world/project/,hello-world-build)), Select(ConfigKey(compile)), Zero, Zero),managedClasspath)))), tpe=Error, msg=None, causes=List(Incomplete(node=Some(Task(_)), tpe=Error, msg=None, causes=List(Incomplete(node=Some(Task((taskDefinitionKey: ScopedKey(Scope(Select(ProjectRef(file:/C:/GitRepo/ScalaProjects/firstScalaProject/hello-world/project/,hello-world-build)), Zero, Zero, Zero),update)))), tpe=Error, msg=None, causes=List(Incomplete(node=Some(Task((tags: Map(Tag(update) -> 1, Tag(network) -> 1), taskDefinitionKey: ScopedKey(Scope(Select(ProjectRef(file:/C:/GitRepo/ScalaProjects/firstScalaProject/hello-world/project/,hello-world-build)), Zero, Zero, Zero),update)))), tpe=Error, msg=None, causes=List(), directCause=Some(sbt.librarymanagement.ResolveException: Error downloading com.eed3si9n:sbt-assembly;sbtVersion=1.0;scalaVersion=2.12:1.8.2[0m
[0m[[0m[31merror[0m] [0m[0m  Not found[0m
[0m[[0m[31merror[0m] [0m[0m  Not found[0m
[0m[[0m[31merror[0m] [0m[0m  not found: https://repo1.maven.org/maven2/com/eed3si9n/sbt-assembly_2.12_1.0/1.8.2/sbt-assembly-1.8.2.pom[0m
[0m[[0m[31merror[0m] [0m[0m  not found: C:\Users\ivana\.ivy2\localcom.eed3si9n\sbt-assembly\scala_2.12\sbt_1.0\1.8.2\ivys\ivy.xml[0m
[0m[[0m[31merror[0m] [0m[0m  not found: https://repo.scala-sbt.org/scalasbt/sbt-plugin-releases/com.eed3si9n/sbt-assembly/scala_2.12/sbt_1.0/1.8.2/ivys/ivy.xml[0m
[0m[[0m[31merror[0m] [0m[0m  not found: https://repo.typesafe.com/typesafe/ivy-releases/com.eed3si9n/sbt-assembly/scala_2.12/sbt_1.0/1.8.2/ivys/ivy.xml))), directCause=None), Incomplete(node=Some(Task((taskDefinitionKey: ScopedKey(Scope(Select(ProjectRef(file:/C:/GitRepo/ScalaProjects/firstScalaProject/hello-world/project/,hello-world-build)), Select(ConfigKey(compile)), Zero, Zero),classpathConfiguration)))), tpe=Error, msg=None, causes=List(Incomplete(node=Some(Task((taskDefinitionKey: ScopedKey(Scope(Select(ProjectRef(file:/C:/GitRepo/ScalaProjects/firstScalaProject/hello-world/project/,hello-world-build)), Zero, Zero, Zero),update)))), tpe=Error, msg=None, causes=List(Incomplete(node=Some(Task((tags: Map(Tag(update) -> 1, Tag(network) -> 1), taskDefinitionKey: ScopedKey(Scope(Select(ProjectRef(file:/C:/GitRepo/ScalaProjects/firstScalaProject/hello-world/project/,hello-world-build)), Zero, Zero, Zero),update)))), tpe=Error, msg=None, causes=List(), directCause=Some(sbt.librarymanagement.ResolveException: Error downloading com.eed3si9n:sbt-assembly;sbtVersion=1.0;scalaVersion=2.12:1.8.2[0m
[0m[[0m[31merror[0m] [0m[0m  Not found[0m
[0m[[0m[31merror[0m] [0m[0m  Not found[0m
[0m[[0m[31merror[0m] [0m[0m  not found: https://repo1.maven.org/maven2/com/eed3si9n/sbt-assembly_2.12_1.0/1.8.2/sbt-assembly-1.8.2.pom[0m
[0m[[0m[31merror[0m] [0m[0m  not found: C:\Users\ivana\.ivy2\localcom.eed3si9n\sbt-assembly\scala_2.12\sbt_1.0\1.8.2\ivys\ivy.xml[0m
[0m[[0m[31merror[0m] [0m[0m  not found: https://repo.scala-sbt.org/scalasbt/sbt-plugin-releases/com.eed3si9n/sbt-assembly/scala_2.12/sbt_1.0/1.8.2/ivys/ivy.xml[0m
[0m[[0m[31merror[0m] [0m[0m  not found: https://repo.typesafe.com/typesafe/ivy-releases/com.eed3si9n/sbt-assembly/scala_2.12/sbt_1.0/1.8.2/ivys/ivy.xml))), directCause=None)), directCause=None)), directCause=None)), directCause=None)), directCause=None)), directCause=None)), directCause=None)), directCause=None), Incomplete(node=Some(Task((taskDefinitionKey: ScopedKey(Scope(Select(ProjectRef(file:/C:/GitRepo/ScalaProjects/firstScalaProject/hello-world/project/,hello-world-build)), Select(ConfigKey(compile)), Zero, Zero),bloopInternalClasspath)))), tpe=Error, msg=None, causes=List(Incomplete(node=Some(Task(_)), tpe=Error, msg=None, causes=List(Incomplete(node=Some(Task((taskDefinitionKey: ScopedKey(Scope(Select(ProjectRef(file:/C:/GitRepo/ScalaProjects/firstScalaProject/hello-world/project/,hello-world-build)), Select(ConfigKey(compile)), Zero, Zero),classpathConfiguration)))), tpe=Error, msg=None, causes=List(Incomplete(node=Some(Task((taskDefinitionKey: ScopedKey(Scope(Select(ProjectRef(file:/C:/GitRepo/ScalaProjects/firstScalaProject/hello-world/project/,hello-world-build)), Zero, Zero, Zero),update)))), tpe=Error, msg=None, causes=List(Incomplete(node=Some(Task((tags: Map(Tag(update) -> 1, Tag(network) -> 1), taskDefinitionKey: ScopedKey(Scope(Select(ProjectRef(file:/C:/GitRepo/ScalaProjects/firstScalaProject/hello-world/project/,hello-world-build)), Zero, Zero, Zero),update)))), tpe=Error, msg=None, causes=List(), directCause=Some(sbt.librarymanagement.ResolveException: Error downloading com.eed3si9n:sbt-assembly;sbtVersion=1.0;scalaVersion=2.12:1.8.2[0m
[0m[[0m[31merror[0m] [0m[0m  Not found[0m
[0m[[0m[31merror[0m] [0m[0m  Not found[0m
[0m[[0m[31merror[0m] [0m[0m  not found: https://repo1.maven.org/maven2/com/eed3si9n/sbt-assembly_2.12_1.0/1.8.2/sbt-assembly-1.8.2.pom[0m
[0m[[0m[31merror[0m] [0m[0m  not found: C:\Users\ivana\.ivy2\localcom.eed3si9n\sbt-assembly\scala_2.12\sbt_1.0\1.8.2\ivys\ivy.xml[0m
[0m[[0m[31merror[0m] [0m[0m  not found: https://repo.scala-sbt.org/scalasbt/sbt-plugin-releases/com.eed3si9n/sbt-assembly/scala_2.12/sbt_1.0/1.8.2/ivys/ivy.xml[0m
[0m[[0m[31merror[0m] [0m[0m  not found: https://repo.typesafe.com/typesafe/ivy-releases/com.eed3si9n/sbt-assembly/scala_2.12/sbt_1.0/1.8.2/ivys/ivy.xml))), directCause=None)), directCause=None)), directCause=None)), directCause=None), Incomplete(node=Some(Task((taskDefinitionKey: ScopedKey(Scope(Select(ProjectRef(file:/C:/GitRepo/ScalaProjects/firstScalaProject/hello-world/project/,hello-world-build)), Select(ConfigKey(compile)), Zero, Zero),scalacOptions)))), tpe=Error, msg=None, causes=List(Incomplete(node=Some(Task((taskDefinitionKey: ScopedKey(Scope(Select(ProjectRef(file:/C:/GitRepo/ScalaProjects/firstScalaProject/hello-world/project/,hello-world-build)), Select(ConfigKey(compile)), Zero, Zero),scalacOptions)))), tpe=Error, msg=None, causes=List(Incomplete(node=Some(Task((taskDefinitionKey: ScopedKey(Scope(Select(ProjectRef(file:/C:/GitRepo/ScalaProjects/firstScalaProject/hello-world/project/,hello-world-build)), Select(ConfigKey(compile)), Zero, Zero),scalacOptions)))), tpe=Error, msg=None, causes=List(Incomplete(node=Some(Task((taskDefinitionKey: ScopedKey(Scope(Select(ProjectRef(file:/C:/GitRepo/ScalaProjects/firstScalaProject/hello-world/project/,hello-world-build)), Select(ConfigKey(compile)), Zero, Zero),scalacOptions)))), tpe=Error, msg=None, causes=List(Incomplete(node=Some(Task((taskDefinitionKey: ScopedKey(Scope(Select(ProjectRef(file:/C:/GitRepo/ScalaProjects/firstScalaProject/hello-world/project/,hello-world-build)), Select(ConfigKey(compile)), Zero, Zero),scalacOptions)))), tpe=Error, msg=None, causes=List(Incomplete(node=Some(Task((taskDefinitionKey: ScopedKey(Scope(Select(ProjectRef(file:/C:/GitRepo/ScalaProjects/firstScalaProject/hello-world/project/,hello-world-build)), Zero, Zero, Zero),update)))), tpe=Error, msg=None, causes=List(Incomplete(node=Some(Task((tags: Map(Tag(update) -> 1, Tag(network) -> 1), taskDefinitionKey: ScopedKey(Scope(Select(ProjectRef(file:/C:/GitRepo/ScalaProjects/firstScalaProject/hello-world/project/,hello-world-build)), Zero, Zero, Zero),update)))), tpe=Error, msg=None, causes=List(), directCause=Some(sbt.librarymanagement.ResolveException: Error downloading com.eed3si9n:sbt-assembly;sbtVersion=1.0;scalaVersion=2.12:1.8.2[0m
[0m[[0m[31merror[0m] [0m[0m  Not found[0m
[0m[[0m[31merror[0m] [0m[0m  Not found[0m
[0m[[0m[31merror[0m] [0m[0m  not found: https://repo1.maven.org/maven2/com/eed3si9n/sbt-assembly_2.12_1.0/1.8.2/sbt-assembly-1.8.2.pom[0m
[0m[[0m[31merror[0m] [0m[0m  not found: C:\Users\ivana\.ivy2\localcom.eed3si9n\sbt-assembly\scala_2.12\sbt_1.0\1.8.2\ivys\ivy.xml[0m
[0m[[0m[31merror[0m] [0m[0m  not found: https://repo.scala-sbt.org/scalasbt/sbt-plugin-releases/com.eed3si9n/sbt-assembly/scala_2.12/sbt_1.0/1.8.2/ivys/ivy.xml[0m
[0m[[0m[31merror[0m] [0m[0m  not found: https://repo.typesafe.com/typesafe/ivy-releases/com.eed3si9n/sbt-assembly/scala_2.12/sbt_1.0/1.8.2/ivys/ivy.xml))), directCause=None)), directCause=None)), directCause=None)), directCause=None)), directCause=None)), directCause=None), Incomplete(node=Some(Task(_)), tpe=Error, msg=None, causes=List(Incomplete(node=Some(Task((taskDefinitionKey: ScopedKey(Scope(Select(ProjectRef(file:/C:/GitRepo/ScalaProjects/firstScalaProject/hello-world/project/,hello-world-build)), Select(ConfigKey(compile)), Zero, Zero),externalDependencyClasspath)))), tpe=Error, msg=None, causes=List(Incomplete(node=Some(Task(_)), tpe=Error, msg=None, causes=List(Incomplete(node=Some(Task((taskDefinitionKey: ScopedKey(Scope(Select(ProjectRef(file:/C:/GitRepo/ScalaProjects/firstScalaProject/hello-world/project/,hello-world-build)), Select(ConfigKey(compile)), Zero, Zero),managedClasspath)))), tpe=Error, msg=None, causes=List(Incomplete(node=Some(Task(_)), tpe=Error, msg=None, causes=List(Incomplete(node=Some(Task((taskDefinitionKey: ScopedKey(Scope(Select(ProjectRef(file:/C:/GitRepo/ScalaProjects/firstScalaProject/hello-world/project/,hello-world-build)), Zero, Zero, Zero),update)))), tpe=Error, msg=None, causes=List(Incomplete(node=Some(Task((tags: Map(Tag(update) -> 1, Tag(network) -> 1), taskDefinitionKey: ScopedKey(Scope(Select(ProjectRef(file:/C:/GitRepo/ScalaProjects/firstScalaProject/hello-world/project/,hello-world-build)), Zero, Zero, Zero),update)))), tpe=Error, msg=None, causes=List(), directCause=Some(sbt.librarymanagement.ResolveException: Error downloading com.eed3si9n:sbt-assembly;sbtVersion=1.0;scalaVersion=2.12:1.8.2[0m
[0m[[0m[31merror[0m] [0m[0m  Not found[0m
[0m[[0m[31merror[0m] [0m[0m  Not found[0m
[0m[[0m[31merror[0m] [0m[0m  not found: https://repo1.maven.org/maven2/com/eed3si9n/sbt-assembly_2.12_1.0/1.8.2/sbt-assembly-1.8.2.pom[0m
[0m[[0m[31merror[0m] [0m[0m  not found: C:\Users\ivana\.ivy2\localcom.eed3si9n\sbt-assembly\scala_2.12\sbt_1.0\1.8.2\ivys\ivy.xml[0m
[0m[[0m[31merror[0m] [0m[0m  not found: https://repo.scala-sbt.org/scalasbt/sbt-plugin-releases/com.eed3si9n/sbt-assembly/scala_2.12/sbt_1.0/1.8.2/ivys/ivy.xml[0m
[0m[[0m[31merror[0m] [0m[0m  not found: https://repo.typesafe.com/typesafe/ivy-releases/com.eed3si9n/sbt-assembly/scala_2.12/sbt_1.0/1.8.2/ivys/ivy.xml))), directCause=None), Incomplete(node=Some(Task((taskDefinitionKey: ScopedKey(Scope(Select(ProjectRef(file:/C:/GitRepo/ScalaProjects/firstScalaProject/hello-world/project/,hello-world-build)), Select(ConfigKey(compile)), Zero, Zero),classpathConfiguration)))), tpe=Error, msg=None, causes=List(Incomplete(node=Some(Task((taskDefinitionKey: ScopedKey(Scope(Select(ProjectRef(file:/C:/GitRepo/ScalaProjects/firstScalaProject/hello-world/project/,hello-world-build)), Zero, Zero, Zero),update)))), tpe=Error, msg=None, causes=List(Incomplete(node=Some(Task((tags: Map(Tag(update) -> 1, Tag(network) -> 1), taskDefinitionKey: ScopedKey(Scope(Select(ProjectRef(file:/C:/GitRepo/ScalaProjects/firstScalaProject/hello-world/project/,hello-world-build)), Zero, Zero, Zero),update)))), tpe=Error, msg=None, causes=List(), directCause=Some(sbt.librarymanagement.ResolveException: Error downloading com.eed3si9n:sbt-assembly;sbtVersion=1.0;scalaVersion=2.12:1.8.2[0m
[0m[[0m[31merror[0m] [0m[0m  Not found[0m
[0m[[0m[31merror[0m] [0m[0m  Not found[0m
[0m[[0m[31merror[0m] [0m[0m  not found: https://repo1.maven.org/maven2/com/eed3si9n/sbt-assembly_2.12_1.0/1.8.2/sbt-assembly-1.8.2.pom[0m
[0m[[0m[31merror[0m] [0m[0m  not found: C:\Users\ivana\.ivy2\localcom.eed3si9n\sbt-assembly\scala_2.12\sbt_1.0\1.8.2\ivys\ivy.xml[0m
[0m[[0m[31merror[0m] [0m[0m  not found: https://repo.scala-sbt.org/scalasbt/sbt-plugin-releases/com.eed3si9n/sbt-assembly/scala_2.12/sbt_1.0/1.8.2/ivys/ivy.xml[0m
[0m[[0m[31merror[0m] [0m[0m  not found: https://repo.typesafe.com/typesafe/ivy-releases/com.eed3si9n/sbt-assembly/scala_2.12/sbt_1.0/1.8.2/ivys/ivy.xml))), directCause=None)), directCause=None)), directCause=None)), directCause=None)), directCause=None)), directCause=None), Incomplete(node=Some(Task((taskDefinitionKey: ScopedKey(Scope(Select(ProjectRef(file:/C:/GitRepo/ScalaProjects/firstScalaProject/hello-world/project/,hello-world-build)), Select(ConfigKey(compile)), Zero, Zero),bloopInternalClasspath)))), tpe=Error, msg=None, causes=List(Incomplete(node=Some(Task(_)), tpe=Error, msg=None, causes=List(Incomplete(node=Some(Task((taskDefinitionKey: ScopedKey(Scope(Select(ProjectRef(file:/C:/GitRepo/ScalaProjects/firstScalaProject/hello-world/project/,hello-world-build)), Select(ConfigKey(compile)), Zero, Zero),classpathConfiguration)))), tpe=Error, msg=None, causes=List(Incomplete(node=Some(Task((taskDefinitionKey: ScopedKey(Scope(Select(ProjectRef(file:/C:/GitRepo/ScalaProjects/firstScalaProject/hello-world/project/,hello-world-build)), Zero, Zero, Zero),update)))), tpe=Error, msg=None, causes=List(Incomplete(node=Some(Task((tags: Map(Tag(update) -> 1, Tag(network) -> 1), taskDefinitionKey: ScopedKey(Scope(Select(ProjectRef(file:/C:/GitRepo/ScalaProjects/firstScalaProject/hello-world/project/,hello-world-build)), Zero, Zero, Zero),update)))), tpe=Error, msg=None, causes=List(), directCause=Some(sbt.librarymanagement.ResolveException: Error downloading com.eed3si9n:sbt-assembly;sbtVersion=1.0;scalaVersion=2.12:1.8.2[0m
[0m[[0m[31merror[0m] [0m[0m  Not found[0m
[0m[[0m[31merror[0m] [0m[0m  Not found[0m
[0m[[0m[31merror[0m] [0m[0m  not found: https://repo1.maven.org/maven2/com/eed3si9n/sbt-assembly_2.12_1.0/1.8.2/sbt-assembly-1.8.2.pom[0m
[0m[[0m[31merror[0m] [0m[0m  not found: C:\Users\ivana\.ivy2\localcom.eed3si9n\sbt-assembly\scala_2.12\sbt_1.0\1.8.2\ivys\ivy.xml[0m
[0m[[0m[31merror[0m] [0m[0m  not found: https://repo.scala-sbt.org/scalasbt/sbt-plugin-releases/com.eed3si9n/sbt-assembly/scala_2.12/sbt_1.0/1.8.2/ivys/ivy.xml[0m
[0m[[0m[31merror[0m] [0m[0m  not found: https://repo.typesafe.com/typesafe/ivy-releases/com.eed3si9n/sbt-assembly/scala_2.12/sbt_1.0/1.8.2/ivys/ivy.xml))), directCause=None)), directCause=None)), directCause=None)), directCause=None)), directCause=None)), directCause=None)[0m
[0m[[0m[32msuccess[0m] [0m[0mTotal time: 4 s, completed Apr 23, 2023, 3:12:49 PM[0m
[0m[[0m[0mdebug[0m] [0m[0mRunning task... Cancel: Signal, check cycles: false, forcegc: true[0m
[0m[[0m[0minfo[0m] [0m[0mUpdating [0m
[0m[[0m[0minfo[0m] [0m[0mResolved  dependencies[0m
[0m[[0m[33mwarn[0m] [0m[0m[0m
[0m[[0m[33mwarn[0m] [0m[0m	Note: Some unresolved dependencies have extra attributes.  Check that these dependencies exist with the requested attributes.[0m
[0m[[0m[33mwarn[0m] [0m[0m		com.eed3si9n:sbt-assembly:1.8.2 (sbtVersion=1.0, scalaVersion=2.12)[0m
[0m[[0m[33mwarn[0m] [0m[0m[0m
[0m[[0m[33mwarn[0m] [0m[0m	Note: Unresolved dependencies path:[0m
[0m[[0m[31merror[0m] [0m[0msbt.librarymanagement.ResolveException: Error downloading com.eed3si9n:sbt-assembly;sbtVersion=1.0;scalaVersion=2.12:1.8.2[0m
[0m[[0m[31merror[0m] [0m[0m  Not found[0m
[0m[[0m[31merror[0m] [0m[0m  Not found[0m
[0m[[0m[31merror[0m] [0m[0m  not found: https://repo1.maven.org/maven2/com/eed3si9n/sbt-assembly_2.12_1.0/1.8.2/sbt-assembly-1.8.2.pom[0m
[0m[[0m[31merror[0m] [0m[0m  not found: C:\Users\ivana\.ivy2\localcom.eed3si9n\sbt-assembly\scala_2.12\sbt_1.0\1.8.2\ivys\ivy.xml[0m
[0m[[0m[31merror[0m] [0m[0m  not found: https://repo.scala-sbt.org/scalasbt/sbt-plugin-releases/com.eed3si9n/sbt-assembly/scala_2.12/sbt_1.0/1.8.2/ivys/ivy.xml[0m
[0m[[0m[31merror[0m] [0m[0m  not found: https://repo.typesafe.com/typesafe/ivy-releases/com.eed3si9n/sbt-assembly/scala_2.12/sbt_1.0/1.8.2/ivys/ivy.xml[0m
[0m[[0m[31merror[0m] [0m[0m	at lmcoursier.CoursierDependencyResolution.unresolvedWarningOrThrow(CoursierDependencyResolution.scala:344)[0m
[0m[[0m[31merror[0m] [0m[0m	at lmcoursier.CoursierDependencyResolution.$anonfun$update$38(CoursierDependencyResolution.scala:313)[0m
[0m[[0m[31merror[0m] [0m[0m	at scala.util.Either$LeftProjection.map(Either.scala:573)[0m
[0m[[0m[31merror[0m] [0m[0m	at lmcoursier.CoursierDependencyResolution.update(CoursierDependencyResolution.scala:313)[0m
[0m[[0m[31merror[0m] [0m[0m	at sbt.librarymanagement.DependencyResolution.update(DependencyResolution.scala:60)[0m
[0m[[0m[31merror[0m] [0m[0m	at sbt.internal.LibraryManagement$.resolve$1(LibraryManagement.scala:59)[0m
[0m[[0m[31merror[0m] [0m[0m	at sbt.internal.LibraryManagement$.$anonfun$cachedUpdate$12(LibraryManagement.scala:133)[0m
[0m[[0m[31merror[0m] [0m[0m	at sbt.util.Tracked$.$anonfun$lastOutput$1(Tracked.scala:73)[0m
[0m[[0m[31merror[0m] [0m[0m	at sbt.internal.LibraryManagement$.$anonfun$cachedUpdate$20(LibraryManagement.scala:146)[0m
[0m[[0m[31merror[0m] [0m[0m	at scala.util.control.Exception$Catch.apply(Exception.scala:228)[0m
[0m[[0m[31merror[0m] [0m[0m	at sbt.internal.LibraryManagement$.$anonfun$cachedUpdate$11(LibraryManagement.scala:146)[0m
[0m[[0m[31merror[0m] [0m[0m	at sbt.internal.LibraryManagement$.$anonfun$cachedUpdate$11$adapted(LibraryManagement.scala:127)[0m
[0m[[0m[31merror[0m] [0m[0m	at sbt.util.Tracked$.$anonfun$inputChangedW$1(Tracked.scala:219)[0m
[0m[[0m[31merror[0m] [0m[0m	at sbt.internal.LibraryManagement$.cachedUpdate(LibraryManagement.scala:160)[0m
[0m[[0m[31merror[0m] [0m[0m	at sbt.Classpaths$.$anonfun$updateTask0$1(Defaults.scala:3687)[0m
[0m[[0m[31merror[0m] [0m[0m	at scala.Function1.$anonfun$compose$1(Function1.scala:49)[0m
[0m[[0m[31merror[0m] [0m[0m	at sbt.internal.util.$tilde$greater.$anonfun$$u2219$1(TypeFunctions.scala:62)[0m
[0m[[0m[31merror[0m] [0m[0m	at sbt.std.Transform$$anon$4.work(Transform.scala:68)[0m
[0m[[0m[31merror[0m] [0m[0m	at sbt.Execute.$anonfun$submit$2(Execute.scala:282)[0m
[0m[[0m[31merror[0m] [0m[0m	at sbt.internal.util.ErrorHandling$.wideConvert(ErrorHandling.scala:23)[0m
[0m[[0m[31merror[0m] [0m[0m	at sbt.Execute.work(Execute.scala:291)[0m
[0m[[0m[31merror[0m] [0m[0m	at sbt.Execute.$anonfun$submit$1(Execute.scala:282)[0m
[0m[[0m[31merror[0m] [0m[0m	at sbt.ConcurrentRestrictions$$anon$4.$anonfun$submitValid$1(ConcurrentRestrictions.scala:265)[0m
[0m[[0m[31merror[0m] [0m[0m	at sbt.CompletionService$$anon$2.call(CompletionService.scala:64)[0m
[0m[[0m[31merror[0m] [0m[0m	at java.base/java.util.concurrent.FutureTask.run(FutureTask.java:264)[0m
[0m[[0m[31merror[0m] [0m[0m	at java.base/java.util.concurrent.Executors$RunnableAdapter.call(Executors.java:539)[0m
[0m[[0m[31merror[0m] [0m[0m	at java.base/java.util.concurrent.FutureTask.run(FutureTask.java:264)[0m
[0m[[0m[31merror[0m] [0m[0m	at java.base/java.util.concurrent.ThreadPoolExecutor.runWorker(ThreadPoolExecutor.java:1136)[0m
[0m[[0m[31merror[0m] [0m[0m	at java.base/java.util.concurrent.ThreadPoolExecutor$Worker.run(ThreadPoolExecutor.java:635)[0m
[0m[[0m[31merror[0m] [0m[0m	at java.base/java.lang.Thread.run(Thread.java:833)[0m
[0m[[0m[31merror[0m] [0m[0m([31mupdate[0m) sbt.librarymanagement.ResolveException: Error downloading com.eed3si9n:sbt-assembly;sbtVersion=1.0;scalaVersion=2.12:1.8.2[0m
[0m[[0m[31merror[0m] [0m[0m  Not found[0m
[0m[[0m[31merror[0m] [0m[0m  Not found[0m
[0m[[0m[31merror[0m] [0m[0m  not found: https://repo1.maven.org/maven2/com/eed3si9n/sbt-assembly_2.12_1.0/1.8.2/sbt-assembly-1.8.2.pom[0m
[0m[[0m[31merror[0m] [0m[0m  not found: C:\Users\ivana\.ivy2\localcom.eed3si9n\sbt-assembly\scala_2.12\sbt_1.0\1.8.2\ivys\ivy.xml[0m
[0m[[0m[31merror[0m] [0m[0m  not found: https://repo.scala-sbt.org/scalasbt/sbt-plugin-releases/com.eed3si9n/sbt-assembly/scala_2.12/sbt_1.0/1.8.2/ivys/ivy.xml[0m
[0m[[0m[31merror[0m] [0m[0m  not found: https://repo.typesafe.com/typesafe/ivy-releases/com.eed3si9n/sbt-assembly/scala_2.12/sbt_1.0/1.8.2/ivys/ivy.xml[0m
[0m[[0m[0mdebug[0m] [0m[0m> Exec(loadFailed, None, None)[0m
[0m[[0m[33mwarn[0m] [0m[0mProject loading failed: (r)etry, (q)uit, (l)ast, or (i)gnore? (default: r)[0m
